2024-09-23 10:24:33.268 [info] [main] Log level: Info
2024-09-23 10:24:33.268 [info] [main] Validating found git in: "git"
2024-09-23 10:24:33.268 [info] [main] Using git "2.34.1" from "git"
2024-09-23 10:24:33.268 [info] [Model][doInitialScan] Initial repository scan started
2024-09-23 10:24:33.268 [info] > git rev-parse --show-toplevel [11ms]
2024-09-23 10:24:33.269 [info] > git rev-parse --git-dir --git-common-dir [12ms]
2024-09-23 10:24:33.276 [info] [Model][openRepository] Opened repository: /home/local/JEMS/jmanandraibe/Bureau/Jopret/React/lasako/nextjs-dashboard
2024-09-23 10:24:33.289 [info] > git config --get commit.template [6ms]
2024-09-23 10:24:33.290 [info] > git rev-parse --show-toplevel [3ms]
2024-09-23 10:24:33.332 [info] > git for-each-ref --format=%(refname)%00%(upstream:short)%00%(objectname)%00%(upstream:track)%00%(upstream:remotename)%00%(upstream:remoteref) refs/heads/main refs/remotes/main [39ms]
2024-09-23 10:24:33.332 [info] > git rev-parse --show-toplevel [34ms]
2024-09-23 10:24:33.347 [info] > git rev-parse --show-toplevel [5ms]
2024-09-23 10:24:33.351 [info] > git rev-parse --show-toplevel [1ms]
2024-09-23 10:24:33.356 [info] > git rev-parse --show-toplevel [1ms]
2024-09-23 10:24:33.358 [info] [Model][doInitialScan] Initial repository scan completed - repositories (1), closed repositories (0), parent repositories (0), unsafe repositories (0)
2024-09-23 10:24:33.390 [info] > git status -z -uall [44ms]
2024-09-23 10:24:33.415 [info] > git for-each-ref --format=%(refname)%00%(upstream:short)%00%(objectname)%00%(upstream:track)%00%(upstream:remotename)%00%(upstream:remoteref) refs/heads/main refs/remotes/main [18ms]
2024-09-23 10:24:33.419 [info] > git config --get commit.template [6ms]
2024-09-23 10:24:33.421 [info] > git config --local branch.main.vscode-merge-base [3ms]
2024-09-23 10:24:33.458 [info] > git for-each-ref --format=%(refname)%00%(upstream:short)%00%(objectname)%00%(upstream:track)%00%(upstream:remotename)%00%(upstream:remoteref) refs/heads/main refs/remotes/main [32ms]
2024-09-23 10:24:33.458 [info] > git for-each-ref --format=%(refname)%00%(upstream:short)%00%(objectname)%00%(upstream:track)%00%(upstream:remotename)%00%(upstream:remoteref) refs/heads/origin/main refs/remotes/origin/main [34ms]
2024-09-23 10:24:33.467 [info] > git merge-base refs/heads/main refs/remotes/origin/main [5ms]
2024-09-23 10:24:33.477 [info] > git rev-list --count --left-right refs/heads/main...refs/remotes/origin/main [6ms]
2024-09-23 10:24:33.481 [info] > git status -z -uall [6ms]
2024-09-23 10:24:33.498 [info] > git for-each-ref --format=%(refname)%00%(upstream:short)%00%(objectname)%00%(upstream:track)%00%(upstream:remotename)%00%(upstream:remoteref) refs/heads/main refs/remotes/main [10ms]
2024-09-23 10:24:33.501 [info] > git diff --name-status -z --diff-filter=ADMR 3fbd33cef0393a0f0af5696d1ac6bd21ca7d6a51...refs/remotes/origin/main [21ms]
2024-09-23 10:24:33.504 [info] > git config --local branch.main.vscode-merge-base [3ms]
2024-09-23 10:24:33.508 [info] > git for-each-ref --format=%(refname)%00%(upstream:short)%00%(objectname)%00%(upstream:track)%00%(upstream:remotename)%00%(upstream:remoteref) refs/heads/origin/main refs/remotes/origin/main [1ms]
2024-09-23 10:24:33.813 [info] > git check-ignore -v -z --stdin [4ms]
2024-09-23 10:24:36.111 [info] > git config --get commit.template [7ms]
2024-09-23 10:24:36.114 [info] > git for-each-ref --format=%(refname)%00%(upstream:short)%00%(objectname)%00%(upstream:track)%00%(upstream:remotename)%00%(upstream:remoteref) refs/heads/main refs/remotes/main [3ms]
2024-09-23 10:24:36.130 [info] > git status -z -uall [11ms]
2024-09-23 10:24:36.141 [info] > git for-each-ref --format=%(refname)%00%(upstream:short)%00%(objectname)%00%(upstream:track)%00%(upstream:remotename)%00%(upstream:remoteref) refs/heads/main refs/remotes/main [6ms]
2024-09-23 10:24:36.146 [info] > git config --local branch.main.vscode-merge-base [2ms]
2024-09-23 10:24:36.150 [info] > git for-each-ref --format=%(refname)%00%(upstream:short)%00%(objectname)%00%(upstream:track)%00%(upstream:remotename)%00%(upstream:remoteref) refs/heads/origin/main refs/remotes/origin/main [1ms]
2024-09-23 10:24:41.157 [info] > git config --get commit.template [8ms]
2024-09-23 10:24:41.159 [info] > git for-each-ref --format=%(refname)%00%(upstream:short)%00%(objectname)%00%(upstream:track)%00%(upstream:remotename)%00%(upstream:remoteref) refs/heads/main refs/remotes/main [3ms]
2024-09-23 10:24:41.170 [info] > git status -z -uall [6ms]
2024-09-23 10:24:41.182 [info] > git for-each-ref --format=%(refname)%00%(upstream:short)%00%(objectname)%00%(upstream:track)%00%(upstream:remotename)%00%(upstream:remoteref) refs/heads/main refs/remotes/main [6ms]
2024-09-23 10:24:41.187 [info] > git config --local branch.main.vscode-merge-base [2ms]
2024-09-23 10:24:41.191 [info] > git for-each-ref --format=%(refname)%00%(upstream:short)%00%(objectname)%00%(upstream:track)%00%(upstream:remotename)%00%(upstream:remoteref) refs/heads/origin/main refs/remotes/origin/main [1ms]
