2024-09-11 15:59:23.402 [info] [main] Log level: Info
2024-09-11 15:59:23.402 [info] [main] Validating found git in: "git"
2024-09-11 15:59:23.402 [info] [main] Using git "2.34.1" from "git"
2024-09-11 15:59:23.402 [info] [Model][doInitialScan] Initial repository scan started
2024-09-11 15:59:23.402 [info] > git rev-parse --show-toplevel [3ms]
2024-09-11 15:59:23.402 [info] fatal: detected dubious ownership in repository at '/home/local/JEMS/jmanandraibe/Bureau/Jopret/React/lasako/nextjs-dashboard'
To add an exception for this directory, call:

	git config --global --add safe.directory /home/local/JEMS/jmanandraibe/Bureau/Jopret/React/lasako/nextjs-dashboard
2024-09-11 15:59:23.407 [info] > git rev-parse --show-toplevel [1ms]
2024-09-11 15:59:23.407 [info] fatal: detected dubious ownership in repository at '/home/local/JEMS/jmanandraibe/Bureau/Jopret/React/lasako/nextjs-dashboard'
To add an exception for this directory, call:

	git config --global --add safe.directory /home/local/JEMS/jmanandraibe/Bureau/Jopret/React/lasako/nextjs-dashboard
2024-09-11 15:59:23.423 [info] > git rev-parse --show-toplevel [1ms]
2024-09-11 15:59:23.424 [info] fatal: detected dubious ownership in repository at '/home/local/JEMS/jmanandraibe/Bureau/Jopret/React/lasako/nextjs-dashboard'
To add an exception for this directory, call:

	git config --global --add safe.directory /home/local/JEMS/jmanandraibe/Bureau/Jopret/React/lasako/nextjs-dashboard
2024-09-11 15:59:23.430 [info] > git rev-parse --show-toplevel [1ms]
2024-09-11 15:59:23.430 [info] fatal: detected dubious ownership in repository at '/home/local/JEMS/jmanandraibe/Bureau/Jopret/React/lasako/nextjs-dashboard'
To add an exception for this directory, call:

	git config --global --add safe.directory /home/local/JEMS/jmanandraibe/Bureau/Jopret/React/lasako/nextjs-dashboard
2024-09-11 15:59:23.440 [info] > git rev-parse --show-toplevel [1ms]
2024-09-11 15:59:23.440 [info] fatal: detected dubious ownership in repository at '/home/local/JEMS/jmanandraibe/Bureau/Jopret/React/lasako/nextjs-dashboard'
To add an exception for this directory, call:

	git config --global --add safe.directory /home/local/JEMS/jmanandraibe/Bureau/Jopret/React/lasako/nextjs-dashboard
2024-09-11 15:59:23.444 [info] > git rev-parse --show-toplevel [1ms]
2024-09-11 15:59:23.444 [info] fatal: detected dubious ownership in repository at '/home/local/JEMS/jmanandraibe/Bureau/Jopret/React/lasako/nextjs-dashboard'
To add an exception for this directory, call:

	git config --global --add safe.directory /home/local/JEMS/jmanandraibe/Bureau/Jopret/React/lasako/nextjs-dashboard
2024-09-11 15:59:23.447 [info] [Model][doInitialScan] Initial repository scan completed - repositories (0), closed repositories (0), parent repositories (0), unsafe repositories (1)
2024-09-11 16:04:20.183 [info] > git rev-parse --show-toplevel [1ms]
2024-09-11 16:04:20.183 [info] fatal: detected dubious ownership in repository at '/home/local/JEMS/jmanandraibe/Bureau/Jopret/React/lasako/nextjs-dashboard'
To add an exception for this directory, call:

	git config --global --add safe.directory /home/local/JEMS/jmanandraibe/Bureau/Jopret/React/lasako/nextjs-dashboard
2024-09-11 16:22:21.570 [info] > git rev-parse --show-toplevel [1ms]
2024-09-11 16:22:21.570 [info] fatal: detected dubious ownership in repository at '/home/local/JEMS/jmanandraibe/Bureau/Jopret/React/lasako/nextjs-dashboard'
To add an exception for this directory, call:

	git config --global --add safe.directory /home/local/JEMS/jmanandraibe/Bureau/Jopret/React/lasako/nextjs-dashboard
