2024-09-16 10:26:54.067 [info] Extension host with pid 19263 started
2024-09-16 10:26:54.067 [info] Skipping acquiring lock for /home/local/JEMS/jmanandraibe/Bureau/Jopret/React/lasako/nextjs-dashboard/~/.vscode-root/User/workspaceStorage/c2db4b80bf02aa53e02111a668d53432.
2024-09-16 10:26:54.237 [info] ExtensionService#_doActivateExtension vscode.emmet, startup: false, activationEvent: 'onLanguage'
2024-09-16 10:26:54.249 [info] ExtensionService#_doActivateExtension vscode.typescript-language-features, startup: false, activationEvent: 'onLanguage:typescript'
2024-09-16 10:26:54.484 [info] ExtensionService#_doActivateExtension vscode.git-base, startup: true, activationEvent: '*', root cause: vscode.git
2024-09-16 10:26:54.486 [info] ExtensionService#_doActivateExtension vscode.npm, startup: true, activationEvent: 'workspaceContains:package.json'
2024-09-16 10:26:54.538 [info] ExtensionService#_doActivateExtension vscode.git, startup: true, activationEvent: '*'
2024-09-16 10:26:54.615 [info] ExtensionService#_doActivateExtension vscode.github, startup: true, activationEvent: '*'
2024-09-16 10:26:54.739 [info] Eager extensions activated
2024-09-16 10:26:54.757 [info] ExtensionService#_doActivateExtension vscode.debug-auto-launch, startup: false, activationEvent: 'onStartupFinished'
2024-09-16 10:26:54.760 [info] ExtensionService#_doActivateExtension vscode.merge-conflict, startup: false, activationEvent: 'onStartupFinished'
2024-09-16 10:26:54.975 [warning] [Decorations] CAPPING events from decorations provider vscode.git 627
2024-09-16 10:26:55.180 [info] ExtensionService#_doActivateExtension vscode.github-authentication, startup: false, activationEvent: 'onAuthenticationRequest:github'
2024-09-16 10:26:55.288 [warning] [Decorations] CAPPING events from decorations provider vscode.git 629
2024-09-16 10:26:57.751 [warning] [Decorations] CAPPING events from decorations provider vscode.git 630
2024-09-16 10:26:59.575 [info] ExtensionService#_doActivateExtension vscode.configuration-editing, startup: false, activationEvent: 'onLanguage:json'
2024-09-16 10:26:59.583 [info] ExtensionService#_doActivateExtension vscode.extension-editing, startup: false, activationEvent: 'onLanguage:json'
2024-09-16 10:26:59.592 [info] ExtensionService#_doActivateExtension vscode.json-language-features, startup: false, activationEvent: 'onLanguage:json'
2024-09-16 10:27:02.786 [warning] [Decorations] CAPPING events from decorations provider vscode.git 661
2024-09-16 10:27:11.231 [warning] [Decorations] CAPPING events from decorations provider vscode.git 782
2024-09-16 10:27:16.258 [warning] [Decorations] CAPPING events from decorations provider vscode.git 785
2024-09-16 10:27:21.297 [warning] [Decorations] CAPPING events from decorations provider vscode.git 785
2024-09-16 10:27:26.339 [warning] [Decorations] CAPPING events from decorations provider vscode.git 785
2024-09-16 10:27:31.372 [warning] [Decorations] CAPPING events from decorations provider vscode.git 785
2024-09-16 10:27:36.413 [warning] [Decorations] CAPPING events from decorations provider vscode.git 785
2024-09-16 10:27:41.453 [warning] [Decorations] CAPPING events from decorations provider vscode.git 785
2024-09-16 10:27:46.495 [warning] [Decorations] CAPPING events from decorations provider vscode.git 785
2024-09-16 10:27:51.524 [warning] [Decorations] CAPPING events from decorations provider vscode.git 785
2024-09-16 10:27:56.562 [warning] [Decorations] CAPPING events from decorations provider vscode.git 785
2024-09-16 10:30:11.410 [warning] [Decorations] CAPPING events from decorations provider vscode.git 785
2024-09-16 10:30:16.445 [warning] [Decorations] CAPPING events from decorations provider vscode.git 785
2024-09-16 10:30:21.483 [warning] [Decorations] CAPPING events from decorations provider vscode.git 785
2024-09-16 10:30:26.522 [warning] [Decorations] CAPPING events from decorations provider vscode.git 786
2024-09-16 10:30:31.560 [warning] [Decorations] CAPPING events from decorations provider vscode.git 786
2024-09-16 10:30:36.591 [warning] [Decorations] CAPPING events from decorations provider vscode.git 786
2024-09-16 10:30:41.625 [warning] [Decorations] CAPPING events from decorations provider vscode.git 786
2024-09-16 10:30:46.658 [warning] [Decorations] CAPPING events from decorations provider vscode.git 786
2024-09-16 10:31:01.612 [warning] [Decorations] CAPPING events from decorations provider vscode.git 788
2024-09-16 10:31:06.649 [warning] [Decorations] CAPPING events from decorations provider vscode.git 787
2024-09-16 10:31:11.677 [warning] [Decorations] CAPPING events from decorations provider vscode.git 787
2024-09-16 10:31:16.710 [warning] [Decorations] CAPPING events from decorations provider vscode.git 787
2024-09-16 10:31:21.752 [warning] [Decorations] CAPPING events from decorations provider vscode.git 787
2024-09-16 10:31:26.794 [warning] [Decorations] CAPPING events from decorations provider vscode.git 787
2024-09-16 10:31:31.833 [warning] [Decorations] CAPPING events from decorations provider vscode.git 787
2024-09-16 10:31:36.866 [warning] [Decorations] CAPPING events from decorations provider vscode.git 787
2024-09-16 10:31:41.904 [warning] [Decorations] CAPPING events from decorations provider vscode.git 787
2024-09-16 10:31:46.927 [warning] [Decorations] CAPPING events from decorations provider vscode.git 787
2024-09-16 10:31:51.960 [warning] [Decorations] CAPPING events from decorations provider vscode.git 787
2024-09-16 10:31:56.985 [warning] [Decorations] CAPPING events from decorations provider vscode.git 787
2024-09-16 10:32:02.014 [warning] [Decorations] CAPPING events from decorations provider vscode.git 787
2024-09-16 10:32:07.046 [warning] [Decorations] CAPPING events from decorations provider vscode.git 787
2024-09-16 10:32:12.078 [warning] [Decorations] CAPPING events from decorations provider vscode.git 787
2024-09-16 10:32:17.112 [warning] [Decorations] CAPPING events from decorations provider vscode.git 787
2024-09-16 10:32:22.148 [warning] [Decorations] CAPPING events from decorations provider vscode.git 787
2024-09-16 10:32:27.188 [warning] [Decorations] CAPPING events from decorations provider vscode.git 787
2024-09-16 10:32:32.225 [warning] [Decorations] CAPPING events from decorations provider vscode.git 787
2024-09-16 10:32:37.251 [warning] [Decorations] CAPPING events from decorations provider vscode.git 787
2024-09-16 10:32:42.290 [warning] [Decorations] CAPPING events from decorations provider vscode.git 787
2024-09-16 10:32:47.317 [warning] [Decorations] CAPPING events from decorations provider vscode.git 787
2024-09-16 10:32:52.356 [warning] [Decorations] CAPPING events from decorations provider vscode.git 787
2024-09-16 10:32:57.385 [warning] [Decorations] CAPPING events from decorations provider vscode.git 787
2024-09-16 10:33:02.412 [warning] [Decorations] CAPPING events from decorations provider vscode.git 787
2024-09-16 10:33:07.449 [warning] [Decorations] CAPPING events from decorations provider vscode.git 787
2024-09-16 10:33:12.496 [warning] [Decorations] CAPPING events from decorations provider vscode.git 787
2024-09-16 10:33:17.538 [warning] [Decorations] CAPPING events from decorations provider vscode.git 787
2024-09-16 10:33:22.571 [warning] [Decorations] CAPPING events from decorations provider vscode.git 787
2024-09-16 10:33:27.603 [warning] [Decorations] CAPPING events from decorations provider vscode.git 787
2024-09-16 10:33:32.642 [warning] [Decorations] CAPPING events from decorations provider vscode.git 787
2024-09-16 10:33:37.684 [warning] [Decorations] CAPPING events from decorations provider vscode.git 787
2024-09-16 10:33:42.727 [warning] [Decorations] CAPPING events from decorations provider vscode.git 787
2024-09-16 10:33:47.764 [warning] [Decorations] CAPPING events from decorations provider vscode.git 787
2024-09-16 10:33:52.791 [warning] [Decorations] CAPPING events from decorations provider vscode.git 787
2024-09-16 10:33:57.820 [warning] [Decorations] CAPPING events from decorations provider vscode.git 787
2024-09-16 10:34:02.849 [warning] [Decorations] CAPPING events from decorations provider vscode.git 787
2024-09-16 10:34:07.886 [warning] [Decorations] CAPPING events from decorations provider vscode.git 787
2024-09-16 10:34:12.927 [warning] [Decorations] CAPPING events from decorations provider vscode.git 787
2024-09-16 10:34:17.965 [warning] [Decorations] CAPPING events from decorations provider vscode.git 787
2024-09-16 10:34:22.992 [warning] [Decorations] CAPPING events from decorations provider vscode.git 787
2024-09-16 10:34:28.017 [warning] [Decorations] CAPPING events from decorations provider vscode.git 789
2024-09-16 10:34:33.053 [warning] [Decorations] CAPPING events from decorations provider vscode.git 789
2024-09-16 10:34:38.097 [warning] [Decorations] CAPPING events from decorations provider vscode.git 789
2024-09-16 10:34:43.128 [warning] [Decorations] CAPPING events from decorations provider vscode.git 789
2024-09-16 10:34:48.169 [warning] [Decorations] CAPPING events from decorations provider vscode.git 789
2024-09-16 10:34:53.203 [warning] [Decorations] CAPPING events from decorations provider vscode.git 789
2024-09-16 10:34:58.225 [warning] [Decorations] CAPPING events from decorations provider vscode.git 790
2024-09-16 10:35:03.262 [warning] [Decorations] CAPPING events from decorations provider vscode.git 790
2024-09-16 10:35:10.252 [warning] [Decorations] CAPPING events from decorations provider vscode.git 790
2024-09-16 10:35:15.287 [warning] [Decorations] CAPPING events from decorations provider vscode.git 790
2024-09-16 10:35:40.687 [warning] [Decorations] CAPPING events from decorations provider vscode.git 841
2024-09-16 10:35:45.719 [warning] [Decorations] CAPPING events from decorations provider vscode.git 841
2024-09-16 10:35:50.752 [warning] [Decorations] CAPPING events from decorations provider vscode.git 842
2024-09-16 10:35:55.788 [warning] [Decorations] CAPPING events from decorations provider vscode.git 842
2024-09-16 10:36:00.832 [warning] [Decorations] CAPPING events from decorations provider vscode.git 842
2024-09-16 10:36:49.528 [warning] [Decorations] CAPPING events from decorations provider vscode.git 847
2024-09-16 10:36:54.551 [warning] [Decorations] CAPPING events from decorations provider vscode.git 847
2024-09-16 10:36:59.579 [warning] [Decorations] CAPPING events from decorations provider vscode.git 847
2024-09-16 10:37:04.601 [warning] [Decorations] CAPPING events from decorations provider vscode.git 847
2024-09-16 10:37:09.643 [warning] [Decorations] CAPPING events from decorations provider vscode.git 847
2024-09-16 10:37:14.672 [warning] [Decorations] CAPPING events from decorations provider vscode.git 847
2024-09-16 10:37:19.695 [warning] [Decorations] CAPPING events from decorations provider vscode.git 847
2024-09-16 10:37:24.720 [warning] [Decorations] CAPPING events from decorations provider vscode.git 850
2024-09-16 10:37:29.761 [warning] [Decorations] CAPPING events from decorations provider vscode.git 831
2024-09-16 10:37:34.799 [warning] [Decorations] CAPPING events from decorations provider vscode.git 831
2024-09-16 10:37:55.895 [warning] [Decorations] CAPPING events from decorations provider vscode.git 831
2024-09-16 10:38:00.929 [warning] [Decorations] CAPPING events from decorations provider vscode.git 831
2024-09-16 10:38:05.965 [warning] [Decorations] CAPPING events from decorations provider vscode.git 831
2024-09-16 10:38:11.007 [warning] [Decorations] CAPPING events from decorations provider vscode.git 832
2024-09-16 10:41:44.804 [warning] [Decorations] CAPPING events from decorations provider vscode.git 836
2024-09-16 10:41:49.842 [warning] [Decorations] CAPPING events from decorations provider vscode.git 835
2024-09-16 10:41:54.873 [warning] [Decorations] CAPPING events from decorations provider vscode.git 835
2024-09-16 10:41:59.910 [warning] [Decorations] CAPPING events from decorations provider vscode.git 835
2024-09-16 10:42:04.949 [warning] [Decorations] CAPPING events from decorations provider vscode.git 835
2024-09-16 10:42:09.992 [warning] [Decorations] CAPPING events from decorations provider vscode.git 835
2024-09-16 10:42:15.039 [warning] [Decorations] CAPPING events from decorations provider vscode.git 835
2024-09-16 10:42:20.068 [warning] [Decorations] CAPPING events from decorations provider vscode.git 835
2024-09-16 10:42:25.109 [warning] [Decorations] CAPPING events from decorations provider vscode.git 835
2024-09-16 10:42:30.148 [warning] [Decorations] CAPPING events from decorations provider vscode.git 835
2024-09-16 10:42:35.182 [warning] [Decorations] CAPPING events from decorations provider vscode.git 835
2024-09-16 10:42:40.227 [warning] [Decorations] CAPPING events from decorations provider vscode.git 835
2024-09-16 10:42:45.262 [warning] [Decorations] CAPPING events from decorations provider vscode.git 835
2024-09-16 10:42:50.298 [warning] [Decorations] CAPPING events from decorations provider vscode.git 835
2024-09-16 10:42:55.338 [warning] [Decorations] CAPPING events from decorations provider vscode.git 835
2024-09-16 10:43:00.372 [warning] [Decorations] CAPPING events from decorations provider vscode.git 835
2024-09-16 10:43:05.407 [warning] [Decorations] CAPPING events from decorations provider vscode.git 835
2024-09-16 10:43:10.445 [warning] [Decorations] CAPPING events from decorations provider vscode.git 835
2024-09-16 10:43:15.482 [warning] [Decorations] CAPPING events from decorations provider vscode.git 835
2024-09-16 10:43:20.525 [warning] [Decorations] CAPPING events from decorations provider vscode.git 836
2024-09-16 10:43:25.555 [warning] [Decorations] CAPPING events from decorations provider vscode.git 836
2024-09-16 10:43:30.585 [warning] [Decorations] CAPPING events from decorations provider vscode.git 836
2024-09-16 10:43:35.629 [warning] [Decorations] CAPPING events from decorations provider vscode.git 836
2024-09-16 10:43:40.665 [warning] [Decorations] CAPPING events from decorations provider vscode.git 836
2024-09-16 10:43:45.706 [warning] [Decorations] CAPPING events from decorations provider vscode.git 836
2024-09-16 10:43:50.734 [warning] [Decorations] CAPPING events from decorations provider vscode.git 836
2024-09-16 10:43:55.767 [warning] [Decorations] CAPPING events from decorations provider vscode.git 836
2024-09-16 10:44:00.814 [warning] [Decorations] CAPPING events from decorations provider vscode.git 836
2024-09-16 10:44:05.856 [warning] [Decorations] CAPPING events from decorations provider vscode.git 836
2024-09-16 10:44:10.889 [warning] [Decorations] CAPPING events from decorations provider vscode.git 836
2024-09-16 10:44:15.927 [warning] [Decorations] CAPPING events from decorations provider vscode.git 836
2024-09-16 10:44:20.965 [warning] [Decorations] CAPPING events from decorations provider vscode.git 836
2024-09-16 10:44:25.997 [warning] [Decorations] CAPPING events from decorations provider vscode.git 836
2024-09-16 10:44:31.032 [warning] [Decorations] CAPPING events from decorations provider vscode.git 836
2024-09-16 10:44:36.057 [warning] [Decorations] CAPPING events from decorations provider vscode.git 836
2024-09-16 10:44:41.096 [warning] [Decorations] CAPPING events from decorations provider vscode.git 836
2024-09-16 10:44:46.132 [warning] [Decorations] CAPPING events from decorations provider vscode.git 836
2024-09-16 10:44:51.172 [warning] [Decorations] CAPPING events from decorations provider vscode.git 836
2024-09-16 10:44:56.214 [warning] [Decorations] CAPPING events from decorations provider vscode.git 836
2024-09-16 10:45:01.248 [warning] [Decorations] CAPPING events from decorations provider vscode.git 836
2024-09-16 10:45:06.280 [warning] [Decorations] CAPPING events from decorations provider vscode.git 836
2024-09-16 10:45:11.322 [warning] [Decorations] CAPPING events from decorations provider vscode.git 836
2024-09-16 10:45:16.361 [warning] [Decorations] CAPPING events from decorations provider vscode.git 836
2024-09-16 10:45:21.400 [warning] [Decorations] CAPPING events from decorations provider vscode.git 836
2024-09-16 10:45:26.440 [warning] [Decorations] CAPPING events from decorations provider vscode.git 836
2024-09-16 10:45:31.470 [warning] [Decorations] CAPPING events from decorations provider vscode.git 836
2024-09-16 10:45:36.504 [warning] [Decorations] CAPPING events from decorations provider vscode.git 836
2024-09-16 10:45:41.542 [warning] [Decorations] CAPPING events from decorations provider vscode.git 836
2024-09-16 10:45:46.577 [warning] [Decorations] CAPPING events from decorations provider vscode.git 836
2024-09-16 10:45:51.607 [warning] [Decorations] CAPPING events from decorations provider vscode.git 836
2024-09-16 10:45:56.645 [warning] [Decorations] CAPPING events from decorations provider vscode.git 836
2024-09-16 10:46:01.684 [warning] [Decorations] CAPPING events from decorations provider vscode.git 836
2024-09-16 10:46:06.717 [warning] [Decorations] CAPPING events from decorations provider vscode.git 836
2024-09-16 10:46:11.757 [warning] [Decorations] CAPPING events from decorations provider vscode.git 836
2024-09-16 10:46:16.790 [warning] [Decorations] CAPPING events from decorations provider vscode.git 836
2024-09-16 10:46:21.820 [warning] [Decorations] CAPPING events from decorations provider vscode.git 836
2024-09-16 10:46:26.858 [warning] [Decorations] CAPPING events from decorations provider vscode.git 836
2024-09-16 10:46:31.895 [warning] [Decorations] CAPPING events from decorations provider vscode.git 836
2024-09-16 10:46:36.921 [warning] [Decorations] CAPPING events from decorations provider vscode.git 836
2024-09-16 10:46:41.956 [warning] [Decorations] CAPPING events from decorations provider vscode.git 836
2024-09-16 10:46:46.989 [warning] [Decorations] CAPPING events from decorations provider vscode.git 836
2024-09-16 10:46:52.026 [warning] [Decorations] CAPPING events from decorations provider vscode.git 836
2024-09-16 10:46:57.070 [warning] [Decorations] CAPPING events from decorations provider vscode.git 836
2024-09-16 10:47:02.108 [warning] [Decorations] CAPPING events from decorations provider vscode.git 836
2024-09-16 10:47:07.151 [warning] [Decorations] CAPPING events from decorations provider vscode.git 836
2024-09-16 10:47:12.184 [warning] [Decorations] CAPPING events from decorations provider vscode.git 836
2024-09-16 10:47:17.226 [warning] [Decorations] CAPPING events from decorations provider vscode.git 836
2024-09-16 10:47:22.268 [warning] [Decorations] CAPPING events from decorations provider vscode.git 836
2024-09-16 10:47:27.297 [warning] [Decorations] CAPPING events from decorations provider vscode.git 836
2024-09-16 10:47:32.334 [warning] [Decorations] CAPPING events from decorations provider vscode.git 836
2024-09-16 10:47:37.368 [warning] [Decorations] CAPPING events from decorations provider vscode.git 836
2024-09-16 10:47:42.411 [warning] [Decorations] CAPPING events from decorations provider vscode.git 836
2024-09-16 10:47:47.449 [warning] [Decorations] CAPPING events from decorations provider vscode.git 836
2024-09-16 10:47:52.484 [warning] [Decorations] CAPPING events from decorations provider vscode.git 836
2024-09-16 10:47:57.521 [warning] [Decorations] CAPPING events from decorations provider vscode.git 836
2024-09-16 10:48:02.565 [warning] [Decorations] CAPPING events from decorations provider vscode.git 836
2024-09-16 10:48:07.603 [warning] [Decorations] CAPPING events from decorations provider vscode.git 836
2024-09-16 10:48:12.641 [warning] [Decorations] CAPPING events from decorations provider vscode.git 836
2024-09-16 10:48:17.671 [warning] [Decorations] CAPPING events from decorations provider vscode.git 836
2024-09-16 10:48:22.705 [warning] [Decorations] CAPPING events from decorations provider vscode.git 836
2024-09-16 10:48:27.740 [warning] [Decorations] CAPPING events from decorations provider vscode.git 836
2024-09-16 10:48:32.782 [warning] [Decorations] CAPPING events from decorations provider vscode.git 836
2024-09-16 10:48:37.816 [warning] [Decorations] CAPPING events from decorations provider vscode.git 836
2024-09-16 10:48:42.860 [warning] [Decorations] CAPPING events from decorations provider vscode.git 836
2024-09-16 10:48:47.902 [warning] [Decorations] CAPPING events from decorations provider vscode.git 836
2024-09-16 10:48:52.947 [warning] [Decorations] CAPPING events from decorations provider vscode.git 836
2024-09-16 10:48:57.980 [warning] [Decorations] CAPPING events from decorations provider vscode.git 836
2024-09-16 10:49:03.022 [warning] [Decorations] CAPPING events from decorations provider vscode.git 836
2024-09-16 10:49:08.058 [warning] [Decorations] CAPPING events from decorations provider vscode.git 836
2024-09-16 10:49:13.101 [warning] [Decorations] CAPPING events from decorations provider vscode.git 836
2024-09-16 10:49:18.141 [warning] [Decorations] CAPPING events from decorations provider vscode.git 836
2024-09-16 10:49:23.180 [warning] [Decorations] CAPPING events from decorations provider vscode.git 836
2024-09-16 10:49:28.219 [warning] [Decorations] CAPPING events from decorations provider vscode.git 836
2024-09-16 10:49:33.264 [warning] [Decorations] CAPPING events from decorations provider vscode.git 836
2024-09-16 10:49:38.307 [warning] [Decorations] CAPPING events from decorations provider vscode.git 836
2024-09-16 10:49:43.341 [warning] [Decorations] CAPPING events from decorations provider vscode.git 836
2024-09-16 10:49:48.380 [warning] [Decorations] CAPPING events from decorations provider vscode.git 836
2024-09-16 10:49:53.420 [warning] [Decorations] CAPPING events from decorations provider vscode.git 836
2024-09-16 10:49:58.458 [warning] [Decorations] CAPPING events from decorations provider vscode.git 836
2024-09-16 10:50:03.491 [warning] [Decorations] CAPPING events from decorations provider vscode.git 836
2024-09-16 10:50:08.524 [warning] [Decorations] CAPPING events from decorations provider vscode.git 836
2024-09-16 10:50:13.562 [warning] [Decorations] CAPPING events from decorations provider vscode.git 836
2024-09-16 10:50:18.603 [warning] [Decorations] CAPPING events from decorations provider vscode.git 836
2024-09-16 10:50:23.643 [warning] [Decorations] CAPPING events from decorations provider vscode.git 836
2024-09-16 10:50:28.688 [warning] [Decorations] CAPPING events from decorations provider vscode.git 836
2024-09-16 10:50:33.735 [warning] [Decorations] CAPPING events from decorations provider vscode.git 836
2024-09-16 10:50:38.773 [warning] [Decorations] CAPPING events from decorations provider vscode.git 836
2024-09-16 10:50:43.816 [warning] [Decorations] CAPPING events from decorations provider vscode.git 836
2024-09-16 10:50:48.853 [warning] [Decorations] CAPPING events from decorations provider vscode.git 836
2024-09-16 10:50:53.894 [warning] [Decorations] CAPPING events from decorations provider vscode.git 836
2024-09-16 10:50:58.929 [warning] [Decorations] CAPPING events from decorations provider vscode.git 836
2024-09-16 10:51:03.963 [warning] [Decorations] CAPPING events from decorations provider vscode.git 836
2024-09-16 10:51:09.000 [warning] [Decorations] CAPPING events from decorations provider vscode.git 836
2024-09-16 10:51:14.032 [warning] [Decorations] CAPPING events from decorations provider vscode.git 836
2024-09-16 10:51:19.065 [warning] [Decorations] CAPPING events from decorations provider vscode.git 836
2024-09-16 10:51:24.099 [warning] [Decorations] CAPPING events from decorations provider vscode.git 836
2024-09-16 10:51:29.136 [warning] [Decorations] CAPPING events from decorations provider vscode.git 836
2024-09-16 10:51:34.171 [warning] [Decorations] CAPPING events from decorations provider vscode.git 836
2024-09-16 10:51:39.205 [warning] [Decorations] CAPPING events from decorations provider vscode.git 836
2024-09-16 10:51:44.247 [warning] [Decorations] CAPPING events from decorations provider vscode.git 836
2024-09-16 10:57:23.876 [warning] [Decorations] CAPPING events from decorations provider vscode.git 836
2024-09-16 10:57:28.919 [warning] [Decorations] CAPPING events from decorations provider vscode.git 836
2024-09-16 10:57:33.959 [warning] [Decorations] CAPPING events from decorations provider vscode.git 836
2024-09-16 10:57:38.998 [warning] [Decorations] CAPPING events from decorations provider vscode.git 842
2024-09-16 10:57:44.039 [warning] [Decorations] CAPPING events from decorations provider vscode.git 838
2024-09-16 10:57:49.077 [warning] [Decorations] CAPPING events from decorations provider vscode.git 838
2024-09-16 10:57:54.122 [warning] [Decorations] CAPPING events from decorations provider vscode.git 838
2024-09-16 10:57:59.165 [warning] [Decorations] CAPPING events from decorations provider vscode.git 838
2024-09-16 10:58:04.193 [warning] [Decorations] CAPPING events from decorations provider vscode.git 838
2024-09-16 10:58:09.235 [warning] [Decorations] CAPPING events from decorations provider vscode.git 839
2024-09-16 10:58:14.273 [warning] [Decorations] CAPPING events from decorations provider vscode.git 839
2024-09-16 10:58:19.312 [warning] [Decorations] CAPPING events from decorations provider vscode.git 839
2024-09-16 10:58:24.350 [warning] [Decorations] CAPPING events from decorations provider vscode.git 839
2024-09-16 10:58:29.387 [warning] [Decorations] CAPPING events from decorations provider vscode.git 839
2024-09-16 10:58:34.417 [warning] [Decorations] CAPPING events from decorations provider vscode.git 847
2024-09-16 10:58:39.458 [warning] [Decorations] CAPPING events from decorations provider vscode.git 846
2024-09-16 10:58:44.490 [warning] [Decorations] CAPPING events from decorations provider vscode.git 805
2024-09-16 10:58:49.529 [warning] [Decorations] CAPPING events from decorations provider vscode.git 805
2024-09-16 10:58:54.561 [warning] [Decorations] CAPPING events from decorations provider vscode.git 805
2024-09-16 10:58:59.604 [warning] [Decorations] CAPPING events from decorations provider vscode.git 805
2024-09-16 10:59:04.637 [warning] [Decorations] CAPPING events from decorations provider vscode.git 805
2024-09-16 10:59:09.670 [warning] [Decorations] CAPPING events from decorations provider vscode.git 805
2024-09-16 10:59:14.703 [warning] [Decorations] CAPPING events from decorations provider vscode.git 805
2024-09-16 10:59:19.744 [warning] [Decorations] CAPPING events from decorations provider vscode.git 805
2024-09-16 10:59:24.779 [warning] [Decorations] CAPPING events from decorations provider vscode.git 805
2024-09-16 10:59:29.817 [warning] [Decorations] CAPPING events from decorations provider vscode.git 805
2024-09-16 10:59:34.863 [warning] [Decorations] CAPPING events from decorations provider vscode.git 805
2024-09-16 10:59:39.902 [warning] [Decorations] CAPPING events from decorations provider vscode.git 805
2024-09-16 10:59:44.940 [warning] [Decorations] CAPPING events from decorations provider vscode.git 805
2024-09-16 10:59:49.982 [warning] [Decorations] CAPPING events from decorations provider vscode.git 805
2024-09-16 10:59:55.023 [warning] [Decorations] CAPPING events from decorations provider vscode.git 805
2024-09-16 11:00:00.067 [warning] [Decorations] CAPPING events from decorations provider vscode.git 805
2024-09-16 11:00:05.106 [warning] [Decorations] CAPPING events from decorations provider vscode.git 805
2024-09-16 11:00:10.141 [warning] [Decorations] CAPPING events from decorations provider vscode.git 805
2024-09-16 11:00:15.177 [warning] [Decorations] CAPPING events from decorations provider vscode.git 805
2024-09-16 11:00:20.220 [warning] [Decorations] CAPPING events from decorations provider vscode.git 805
2024-09-16 11:00:25.260 [warning] [Decorations] CAPPING events from decorations provider vscode.git 805
2024-09-16 11:00:30.304 [warning] [Decorations] CAPPING events from decorations provider vscode.git 805
2024-09-16 11:00:35.341 [warning] [Decorations] CAPPING events from decorations provider vscode.git 805
2024-09-16 11:00:40.374 [warning] [Decorations] CAPPING events from decorations provider vscode.git 805
2024-09-16 11:00:45.419 [warning] [Decorations] CAPPING events from decorations provider vscode.git 805
2024-09-16 11:00:50.469 [warning] [Decorations] CAPPING events from decorations provider vscode.git 805
2024-09-16 11:00:55.503 [warning] [Decorations] CAPPING events from decorations provider vscode.git 805
2024-09-16 11:01:00.546 [warning] [Decorations] CAPPING events from decorations provider vscode.git 805
2024-09-16 11:01:05.586 [warning] [Decorations] CAPPING events from decorations provider vscode.git 805
2024-09-16 11:01:10.630 [warning] [Decorations] CAPPING events from decorations provider vscode.git 805
2024-09-16 11:01:15.669 [warning] [Decorations] CAPPING events from decorations provider vscode.git 805
2024-09-16 11:01:20.709 [warning] [Decorations] CAPPING events from decorations provider vscode.git 805
2024-09-16 11:01:25.734 [warning] [Decorations] CAPPING events from decorations provider vscode.git 805
2024-09-16 11:01:30.772 [warning] [Decorations] CAPPING events from decorations provider vscode.git 805
2024-09-16 11:01:35.805 [warning] [Decorations] CAPPING events from decorations provider vscode.git 805
2024-09-16 11:01:40.841 [warning] [Decorations] CAPPING events from decorations provider vscode.git 805
2024-09-16 11:01:45.876 [warning] [Decorations] CAPPING events from decorations provider vscode.git 805
2024-09-16 11:01:50.914 [warning] [Decorations] CAPPING events from decorations provider vscode.git 805
2024-09-16 11:01:55.948 [warning] [Decorations] CAPPING events from decorations provider vscode.git 805
2024-09-16 11:02:00.991 [warning] [Decorations] CAPPING events from decorations provider vscode.git 805
2024-09-16 11:02:06.032 [warning] [Decorations] CAPPING events from decorations provider vscode.git 805
2024-09-16 11:02:11.067 [warning] [Decorations] CAPPING events from decorations provider vscode.git 805
2024-09-16 11:02:16.102 [warning] [Decorations] CAPPING events from decorations provider vscode.git 805
2024-09-16 11:02:21.139 [warning] [Decorations] CAPPING events from decorations provider vscode.git 805
2024-09-16 11:02:26.173 [warning] [Decorations] CAPPING events from decorations provider vscode.git 805
2024-09-16 11:02:31.207 [warning] [Decorations] CAPPING events from decorations provider vscode.git 805
2024-09-16 11:02:36.252 [warning] [Decorations] CAPPING events from decorations provider vscode.git 806
2024-09-16 11:02:41.291 [warning] [Decorations] CAPPING events from decorations provider vscode.git 806
2024-09-16 11:02:46.326 [warning] [Decorations] CAPPING events from decorations provider vscode.git 806
2024-09-16 11:02:51.369 [warning] [Decorations] CAPPING events from decorations provider vscode.git 806
2024-09-16 11:02:56.404 [warning] [Decorations] CAPPING events from decorations provider vscode.git 806
2024-09-16 11:03:01.439 [warning] [Decorations] CAPPING events from decorations provider vscode.git 806
2024-09-16 11:03:06.481 [warning] [Decorations] CAPPING events from decorations provider vscode.git 806
2024-09-16 11:03:11.520 [warning] [Decorations] CAPPING events from decorations provider vscode.git 806
2024-09-16 11:03:16.556 [warning] [Decorations] CAPPING events from decorations provider vscode.git 806
2024-09-16 11:03:21.589 [warning] [Decorations] CAPPING events from decorations provider vscode.git 806
2024-09-16 11:03:26.626 [warning] [Decorations] CAPPING events from decorations provider vscode.git 806
2024-09-16 11:03:31.659 [warning] [Decorations] CAPPING events from decorations provider vscode.git 806
2024-09-16 11:03:36.689 [warning] [Decorations] CAPPING events from decorations provider vscode.git 806
2024-09-16 11:03:41.728 [warning] [Decorations] CAPPING events from decorations provider vscode.git 806
2024-09-16 11:03:46.768 [warning] [Decorations] CAPPING events from decorations provider vscode.git 806
2024-09-16 11:03:51.809 [warning] [Decorations] CAPPING events from decorations provider vscode.git 806
2024-09-16 11:03:56.846 [warning] [Decorations] CAPPING events from decorations provider vscode.git 806
2024-09-16 11:04:01.881 [warning] [Decorations] CAPPING events from decorations provider vscode.git 806
2024-09-16 11:04:06.925 [warning] [Decorations] CAPPING events from decorations provider vscode.git 806
2024-09-16 11:04:11.961 [warning] [Decorations] CAPPING events from decorations provider vscode.git 806
2024-09-16 11:04:17.000 [warning] [Decorations] CAPPING events from decorations provider vscode.git 806
2024-09-16 11:04:22.036 [warning] [Decorations] CAPPING events from decorations provider vscode.git 806
2024-09-16 11:04:27.070 [warning] [Decorations] CAPPING events from decorations provider vscode.git 806
2024-09-16 11:04:32.114 [warning] [Decorations] CAPPING events from decorations provider vscode.git 806
2024-09-16 11:04:37.154 [warning] [Decorations] CAPPING events from decorations provider vscode.git 806
2024-09-16 11:04:42.192 [warning] [Decorations] CAPPING events from decorations provider vscode.git 806
2024-09-16 11:04:47.224 [warning] [Decorations] CAPPING events from decorations provider vscode.git 806
2024-09-16 11:04:52.265 [warning] [Decorations] CAPPING events from decorations provider vscode.git 806
2024-09-16 11:04:57.295 [warning] [Decorations] CAPPING events from decorations provider vscode.git 806
2024-09-16 11:05:02.329 [warning] [Decorations] CAPPING events from decorations provider vscode.git 806
2024-09-16 11:05:07.367 [warning] [Decorations] CAPPING events from decorations provider vscode.git 806
2024-09-16 11:05:12.412 [warning] [Decorations] CAPPING events from decorations provider vscode.git 806
2024-09-16 11:05:17.449 [warning] [Decorations] CAPPING events from decorations provider vscode.git 806
2024-09-16 11:05:22.486 [warning] [Decorations] CAPPING events from decorations provider vscode.git 806
2024-09-16 11:05:45.464 [warning] [Decorations] CAPPING events from decorations provider vscode.git 817
2024-09-16 11:05:50.497 [warning] [Decorations] CAPPING events from decorations provider vscode.git 818
2024-09-16 13:52:00.849 [warning] [Decorations] CAPPING events from decorations provider vscode.git 819
2024-09-16 13:52:05.886 [warning] [Decorations] CAPPING events from decorations provider vscode.git 817
2024-09-16 13:52:10.925 [warning] [Decorations] CAPPING events from decorations provider vscode.git 818
2024-09-16 13:52:15.969 [warning] [Decorations] CAPPING events from decorations provider vscode.git 818
2024-09-16 13:52:56.976 [warning] [Decorations] CAPPING events from decorations provider vscode.git 818
2024-09-16 13:53:02.017 [warning] [Decorations] CAPPING events from decorations provider vscode.git 818
2024-09-16 13:53:07.047 [warning] [Decorations] CAPPING events from decorations provider vscode.git 818
2024-09-16 13:53:12.084 [warning] [Decorations] CAPPING events from decorations provider vscode.git 820
2024-09-16 13:53:51.049 [warning] [Decorations] CAPPING events from decorations provider vscode.git 820
2024-09-16 13:53:56.089 [warning] [Decorations] CAPPING events from decorations provider vscode.git 820
2024-09-16 13:54:01.120 [warning] [Decorations] CAPPING events from decorations provider vscode.git 821
2024-09-16 13:54:06.160 [warning] [Decorations] CAPPING events from decorations provider vscode.git 823
2024-09-16 13:54:11.189 [warning] [Decorations] CAPPING events from decorations provider vscode.git 822
2024-09-16 13:54:16.233 [warning] [Decorations] CAPPING events from decorations provider vscode.git 822
2024-09-16 13:54:26.011 [warning] [Decorations] CAPPING events from decorations provider vscode.git 823
2024-09-16 13:54:31.054 [warning] [Decorations] CAPPING events from decorations provider vscode.git 822
2024-09-16 13:54:36.091 [warning] [Decorations] CAPPING events from decorations provider vscode.git 822
2024-09-16 13:54:41.136 [warning] [Decorations] CAPPING events from decorations provider vscode.git 822
2024-09-16 13:54:46.169 [warning] [Decorations] CAPPING events from decorations provider vscode.git 822
2024-09-16 13:54:51.208 [warning] [Decorations] CAPPING events from decorations provider vscode.git 822
2024-09-16 13:55:17.930 [warning] [Decorations] CAPPING events from decorations provider vscode.git 862
2024-09-16 13:56:36.290 [warning] [Decorations] CAPPING events from decorations provider vscode.git 863
2024-09-16 13:56:41.332 [warning] [Decorations] CAPPING events from decorations provider vscode.git 863
2024-09-16 13:56:46.376 [warning] [Decorations] CAPPING events from decorations provider vscode.git 864
2024-09-16 13:56:51.419 [warning] [Decorations] CAPPING events from decorations provider vscode.git 864
2024-09-16 13:56:56.464 [warning] [Decorations] CAPPING events from decorations provider vscode.git 864
2024-09-16 13:57:01.502 [warning] [Decorations] CAPPING events from decorations provider vscode.git 868
2024-09-16 13:57:06.540 [warning] [Decorations] CAPPING events from decorations provider vscode.git 868
2024-09-16 13:58:56.613 [warning] [Decorations] CAPPING events from decorations provider vscode.git 887
2024-09-16 13:59:01.655 [warning] [Decorations] CAPPING events from decorations provider vscode.git 886
2024-09-16 13:59:06.692 [warning] [Decorations] CAPPING events from decorations provider vscode.git 886
2024-09-16 13:59:11.730 [warning] [Decorations] CAPPING events from decorations provider vscode.git 886
2024-09-16 13:59:16.762 [warning] [Decorations] CAPPING events from decorations provider vscode.git 886
2024-09-16 13:59:21.817 [warning] [Decorations] CAPPING events from decorations provider vscode.git 886
2024-09-16 13:59:26.852 [warning] [Decorations] CAPPING events from decorations provider vscode.git 886
2024-09-16 13:59:31.897 [warning] [Decorations] CAPPING events from decorations provider vscode.git 886
2024-09-16 13:59:36.938 [warning] [Decorations] CAPPING events from decorations provider vscode.git 886
2024-09-16 13:59:41.973 [warning] [Decorations] CAPPING events from decorations provider vscode.git 886
2024-09-16 13:59:47.012 [warning] [Decorations] CAPPING events from decorations provider vscode.git 886
2024-09-16 13:59:52.046 [warning] [Decorations] CAPPING events from decorations provider vscode.git 886
2024-09-16 13:59:57.078 [warning] [Decorations] CAPPING events from decorations provider vscode.git 886
2024-09-16 14:00:02.111 [warning] [Decorations] CAPPING events from decorations provider vscode.git 886
2024-09-16 14:00:07.150 [warning] [Decorations] CAPPING events from decorations provider vscode.git 886
2024-09-16 14:00:12.195 [warning] [Decorations] CAPPING events from decorations provider vscode.git 886
2024-09-16 14:00:20.838 [warning] [Decorations] CAPPING events from decorations provider vscode.git 886
2024-09-16 14:00:25.881 [warning] [Decorations] CAPPING events from decorations provider vscode.git 886
2024-09-16 14:00:30.920 [warning] [Decorations] CAPPING events from decorations provider vscode.git 886
2024-09-16 14:00:35.966 [warning] [Decorations] CAPPING events from decorations provider vscode.git 886
2024-09-16 14:00:41.004 [warning] [Decorations] CAPPING events from decorations provider vscode.git 886
2024-09-16 14:00:46.039 [warning] [Decorations] CAPPING events from decorations provider vscode.git 886
2024-09-16 14:00:51.064 [warning] [Decorations] CAPPING events from decorations provider vscode.git 886
2024-09-16 14:00:56.109 [warning] [Decorations] CAPPING events from decorations provider vscode.git 886
2024-09-16 14:01:01.153 [warning] [Decorations] CAPPING events from decorations provider vscode.git 887
2024-09-16 14:01:06.187 [warning] [Decorations] CAPPING events from decorations provider vscode.git 887
2024-09-16 14:01:32.419 [warning] [Decorations] CAPPING events from decorations provider vscode.git 887
2024-09-16 14:01:37.462 [warning] [Decorations] CAPPING events from decorations provider vscode.git 887
2024-09-16 14:01:42.502 [warning] [Decorations] CAPPING events from decorations provider vscode.git 887
2024-09-16 14:01:47.540 [warning] [Decorations] CAPPING events from decorations provider vscode.git 887
2024-09-16 14:01:52.579 [warning] [Decorations] CAPPING events from decorations provider vscode.git 886
2024-09-16 14:02:13.211 [warning] [Decorations] CAPPING events from decorations provider vscode.git 886
2024-09-16 14:02:18.240 [warning] [Decorations] CAPPING events from decorations provider vscode.git 886
2024-09-16 14:02:23.275 [warning] [Decorations] CAPPING events from decorations provider vscode.git 887
2024-09-16 14:02:28.313 [warning] [Decorations] CAPPING events from decorations provider vscode.git 887
2024-09-16 14:03:08.427 [warning] [Decorations] CAPPING events from decorations provider vscode.git 887
2024-09-16 14:03:13.473 [warning] [Decorations] CAPPING events from decorations provider vscode.git 887
2024-09-16 14:03:18.513 [warning] [Decorations] CAPPING events from decorations provider vscode.git 887
2024-09-16 14:05:45.766 [warning] [Decorations] CAPPING events from decorations provider vscode.git 887
2024-09-16 14:05:50.794 [warning] [Decorations] CAPPING events from decorations provider vscode.git 891
2024-09-16 14:05:55.832 [warning] [Decorations] CAPPING events from decorations provider vscode.git 891
2024-09-16 14:06:00.871 [warning] [Decorations] CAPPING events from decorations provider vscode.git 891
2024-09-16 14:06:05.915 [warning] [Decorations] CAPPING events from decorations provider vscode.git 891
2024-09-16 14:06:10.952 [warning] [Decorations] CAPPING events from decorations provider vscode.git 891
2024-09-16 14:06:15.993 [warning] [Decorations] CAPPING events from decorations provider vscode.git 891
2024-09-16 14:06:21.031 [warning] [Decorations] CAPPING events from decorations provider vscode.git 891
2024-09-16 14:06:26.059 [warning] [Decorations] CAPPING events from decorations provider vscode.git 898
2024-09-16 14:06:45.534 [warning] [Decorations] CAPPING events from decorations provider vscode.git 897
2024-09-16 14:16:01.255 [warning] [Decorations] CAPPING events from decorations provider vscode.git 900
2024-09-16 14:16:06.297 [warning] [Decorations] CAPPING events from decorations provider vscode.git 900
2024-09-16 14:16:11.335 [warning] [Decorations] CAPPING events from decorations provider vscode.git 900
2024-09-16 14:16:16.375 [warning] [Decorations] CAPPING events from decorations provider vscode.git 900
2024-09-16 14:16:21.413 [warning] [Decorations] CAPPING events from decorations provider vscode.git 905
2024-09-16 14:16:26.439 [warning] [Decorations] CAPPING events from decorations provider vscode.git 905
2024-09-16 14:16:36.364 [warning] [Decorations] CAPPING events from decorations provider vscode.git 910
2024-09-16 14:16:41.405 [warning] [Decorations] CAPPING events from decorations provider vscode.git 905
2024-09-16 14:16:46.447 [warning] [Decorations] CAPPING events from decorations provider vscode.git 905
2024-09-16 14:16:54.660 [warning] [Decorations] CAPPING events from decorations provider vscode.git 905
2024-09-16 14:17:00.369 [warning] [Decorations] CAPPING events from decorations provider vscode.git 905
2024-09-16 14:17:05.405 [warning] [Decorations] CAPPING events from decorations provider vscode.git 906
2024-09-16 14:26:39.575 [warning] [Decorations] CAPPING events from decorations provider vscode.git 913
2024-09-16 14:26:44.617 [warning] [Decorations] CAPPING events from decorations provider vscode.git 913
2024-09-16 14:26:49.655 [warning] [Decorations] CAPPING events from decorations provider vscode.git 917
2024-09-16 14:26:54.692 [warning] [Decorations] CAPPING events from decorations provider vscode.git 937
2024-09-16 14:36:52.564 [warning] [Decorations] CAPPING events from decorations provider vscode.git 947
2024-09-16 14:36:57.594 [warning] [Decorations] CAPPING events from decorations provider vscode.git 946
2024-09-16 14:37:08.649 [warning] [Decorations] CAPPING events from decorations provider vscode.git 951
2024-09-16 14:37:13.689 [warning] [Decorations] CAPPING events from decorations provider vscode.git 946
2024-09-16 14:37:18.726 [warning] [Decorations] CAPPING events from decorations provider vscode.git 946
2024-09-16 14:37:23.763 [warning] [Decorations] CAPPING events from decorations provider vscode.git 946
2024-09-16 14:37:28.797 [warning] [Decorations] CAPPING events from decorations provider vscode.git 946
2024-09-16 14:37:33.840 [warning] [Decorations] CAPPING events from decorations provider vscode.git 946
2024-09-16 14:37:38.883 [warning] [Decorations] CAPPING events from decorations provider vscode.git 946
2024-09-16 14:37:43.932 [warning] [Decorations] CAPPING events from decorations provider vscode.git 946
2024-09-16 14:37:48.971 [warning] [Decorations] CAPPING events from decorations provider vscode.git 946
2024-09-16 14:37:54.013 [warning] [Decorations] CAPPING events from decorations provider vscode.git 946
2024-09-16 14:37:59.051 [warning] [Decorations] CAPPING events from decorations provider vscode.git 948
2024-09-16 14:38:04.087 [warning] [Decorations] CAPPING events from decorations provider vscode.git 948
2024-09-16 14:38:09.124 [warning] [Decorations] CAPPING events from decorations provider vscode.git 948
2024-09-16 14:38:14.159 [warning] [Decorations] CAPPING events from decorations provider vscode.git 948
2024-09-16 14:38:19.204 [warning] [Decorations] CAPPING events from decorations provider vscode.git 948
2024-09-16 14:38:24.251 [warning] [Decorations] CAPPING events from decorations provider vscode.git 948
2024-09-16 14:38:29.303 [warning] [Decorations] CAPPING events from decorations provider vscode.git 948
2024-09-16 14:38:34.344 [warning] [Decorations] CAPPING events from decorations provider vscode.git 948
2024-09-16 14:38:39.392 [warning] [Decorations] CAPPING events from decorations provider vscode.git 948
2024-09-16 14:38:44.429 [warning] [Decorations] CAPPING events from decorations provider vscode.git 948
2024-09-16 14:38:49.464 [warning] [Decorations] CAPPING events from decorations provider vscode.git 948
2024-09-16 14:38:54.508 [warning] [Decorations] CAPPING events from decorations provider vscode.git 948
2024-09-16 14:38:59.547 [warning] [Decorations] CAPPING events from decorations provider vscode.git 948
2024-09-16 14:39:04.587 [warning] [Decorations] CAPPING events from decorations provider vscode.git 948
2024-09-16 14:39:09.639 [warning] [Decorations] CAPPING events from decorations provider vscode.git 948
2024-09-16 14:39:14.680 [warning] [Decorations] CAPPING events from decorations provider vscode.git 948
2024-09-16 14:39:19.725 [warning] [Decorations] CAPPING events from decorations provider vscode.git 948
2024-09-16 14:39:24.772 [warning] [Decorations] CAPPING events from decorations provider vscode.git 948
2024-09-16 14:39:29.818 [warning] [Decorations] CAPPING events from decorations provider vscode.git 948
2024-09-16 14:39:34.852 [warning] [Decorations] CAPPING events from decorations provider vscode.git 948
2024-09-16 14:39:39.904 [warning] [Decorations] CAPPING events from decorations provider vscode.git 948
2024-09-16 14:39:44.943 [warning] [Decorations] CAPPING events from decorations provider vscode.git 948
2024-09-16 14:39:49.984 [warning] [Decorations] CAPPING events from decorations provider vscode.git 948
2024-09-16 14:39:55.031 [warning] [Decorations] CAPPING events from decorations provider vscode.git 948
2024-09-16 14:40:35.215 [warning] [Decorations] CAPPING events from decorations provider vscode.git 948
2024-09-16 14:40:40.265 [warning] [Decorations] CAPPING events from decorations provider vscode.git 948
2024-09-16 14:40:45.310 [warning] [Decorations] CAPPING events from decorations provider vscode.git 948
2024-09-16 14:40:50.343 [warning] [Decorations] CAPPING events from decorations provider vscode.git 951
2024-09-16 14:40:55.381 [warning] [Decorations] CAPPING events from decorations provider vscode.git 951
2024-09-16 14:41:00.416 [warning] [Decorations] CAPPING events from decorations provider vscode.git 951
2024-09-16 14:41:05.459 [warning] [Decorations] CAPPING events from decorations provider vscode.git 951
2024-09-16 14:41:10.498 [warning] [Decorations] CAPPING events from decorations provider vscode.git 951
2024-09-16 14:41:15.540 [warning] [Decorations] CAPPING events from decorations provider vscode.git 951
2024-09-16 14:41:20.579 [warning] [Decorations] CAPPING events from decorations provider vscode.git 951
2024-09-16 14:41:25.614 [warning] [Decorations] CAPPING events from decorations provider vscode.git 951
2024-09-16 14:41:30.662 [warning] [Decorations] CAPPING events from decorations provider vscode.git 951
2024-09-16 14:41:35.709 [warning] [Decorations] CAPPING events from decorations provider vscode.git 951
2024-09-16 14:41:40.756 [warning] [Decorations] CAPPING events from decorations provider vscode.git 951
2024-09-16 14:41:45.803 [warning] [Decorations] CAPPING events from decorations provider vscode.git 951
2024-09-16 14:41:50.841 [warning] [Decorations] CAPPING events from decorations provider vscode.git 951
2024-09-16 14:41:55.888 [warning] [Decorations] CAPPING events from decorations provider vscode.git 951
2024-09-16 14:42:00.929 [warning] [Decorations] CAPPING events from decorations provider vscode.git 951
2024-09-16 14:42:05.973 [warning] [Decorations] CAPPING events from decorations provider vscode.git 951
2024-09-16 14:42:11.008 [warning] [Decorations] CAPPING events from decorations provider vscode.git 951
2024-09-16 14:42:16.056 [warning] [Decorations] CAPPING events from decorations provider vscode.git 951
2024-09-16 14:42:21.092 [warning] [Decorations] CAPPING events from decorations provider vscode.git 951
2024-09-16 14:42:26.128 [warning] [Decorations] CAPPING events from decorations provider vscode.git 951
2024-09-16 14:42:31.164 [warning] [Decorations] CAPPING events from decorations provider vscode.git 951
2024-09-16 14:42:36.203 [warning] [Decorations] CAPPING events from decorations provider vscode.git 951
2024-09-16 14:42:41.246 [warning] [Decorations] CAPPING events from decorations provider vscode.git 951
2024-09-16 14:42:46.284 [warning] [Decorations] CAPPING events from decorations provider vscode.git 951
2024-09-16 14:42:51.322 [warning] [Decorations] CAPPING events from decorations provider vscode.git 951
2024-09-16 15:04:14.087 [warning] [Decorations] CAPPING events from decorations provider vscode.git 951
2024-09-16 15:04:19.128 [warning] [Decorations] CAPPING events from decorations provider vscode.git 951
2024-09-16 15:04:24.170 [warning] [Decorations] CAPPING events from decorations provider vscode.git 951
2024-09-16 15:04:29.218 [warning] [Decorations] CAPPING events from decorations provider vscode.git 951
2024-09-16 15:04:34.260 [warning] [Decorations] CAPPING events from decorations provider vscode.git 951
2024-09-16 15:04:39.300 [warning] [Decorations] CAPPING events from decorations provider vscode.git 951
2024-09-16 15:04:44.340 [warning] [Decorations] CAPPING events from decorations provider vscode.git 951
2024-09-16 15:04:49.371 [warning] [Decorations] CAPPING events from decorations provider vscode.git 951
2024-09-16 15:04:54.411 [warning] [Decorations] CAPPING events from decorations provider vscode.git 951
2024-09-16 15:04:59.454 [warning] [Decorations] CAPPING events from decorations provider vscode.git 951
2024-09-16 15:05:04.490 [warning] [Decorations] CAPPING events from decorations provider vscode.git 951
2024-09-16 15:05:09.537 [warning] [Decorations] CAPPING events from decorations provider vscode.git 951
2024-09-16 15:05:14.576 [warning] [Decorations] CAPPING events from decorations provider vscode.git 951
2024-09-16 15:05:19.612 [warning] [Decorations] CAPPING events from decorations provider vscode.git 951
2024-09-16 15:05:24.652 [warning] [Decorations] CAPPING events from decorations provider vscode.git 951
2024-09-16 15:05:29.691 [warning] [Decorations] CAPPING events from decorations provider vscode.git 951
2024-09-16 15:05:34.722 [warning] [Decorations] CAPPING events from decorations provider vscode.git 951
2024-09-16 15:05:39.762 [warning] [Decorations] CAPPING events from decorations provider vscode.git 951
2024-09-16 15:05:44.795 [warning] [Decorations] CAPPING events from decorations provider vscode.git 951
2024-09-16 15:05:49.833 [warning] [Decorations] CAPPING events from decorations provider vscode.git 951
2024-09-16 15:05:54.870 [warning] [Decorations] CAPPING events from decorations provider vscode.git 951
2024-09-16 15:05:59.905 [warning] [Decorations] CAPPING events from decorations provider vscode.git 951
2024-09-16 15:06:04.950 [warning] [Decorations] CAPPING events from decorations provider vscode.git 951
2024-09-16 15:06:09.997 [warning] [Decorations] CAPPING events from decorations provider vscode.git 951
2024-09-16 15:06:15.034 [warning] [Decorations] CAPPING events from decorations provider vscode.git 951
2024-09-16 15:06:20.072 [warning] [Decorations] CAPPING events from decorations provider vscode.git 951
2024-09-16 15:06:25.116 [warning] [Decorations] CAPPING events from decorations provider vscode.git 951
2024-09-16 15:06:30.151 [warning] [Decorations] CAPPING events from decorations provider vscode.git 951
2024-09-16 15:06:35.189 [warning] [Decorations] CAPPING events from decorations provider vscode.git 951
2024-09-16 15:06:40.228 [warning] [Decorations] CAPPING events from decorations provider vscode.git 951
2024-09-16 15:06:45.269 [warning] [Decorations] CAPPING events from decorations provider vscode.git 951
2024-09-16 15:06:50.307 [warning] [Decorations] CAPPING events from decorations provider vscode.git 951
2024-09-16 15:06:55.345 [warning] [Decorations] CAPPING events from decorations provider vscode.git 951
2024-09-16 15:07:00.385 [warning] [Decorations] CAPPING events from decorations provider vscode.git 951
2024-09-16 15:07:05.415 [warning] [Decorations] CAPPING events from decorations provider vscode.git 951
2024-09-16 15:07:10.456 [warning] [Decorations] CAPPING events from decorations provider vscode.git 951
2024-09-16 15:07:15.496 [warning] [Decorations] CAPPING events from decorations provider vscode.git 951
2024-09-16 15:07:20.536 [warning] [Decorations] CAPPING events from decorations provider vscode.git 951
2024-09-16 15:07:25.574 [warning] [Decorations] CAPPING events from decorations provider vscode.git 951
2024-09-16 15:07:30.618 [warning] [Decorations] CAPPING events from decorations provider vscode.git 951
2024-09-16 15:07:35.654 [warning] [Decorations] CAPPING events from decorations provider vscode.git 951
2024-09-16 15:07:40.689 [warning] [Decorations] CAPPING events from decorations provider vscode.git 951
2024-09-16 15:07:45.726 [warning] [Decorations] CAPPING events from decorations provider vscode.git 951
2024-09-16 15:07:50.765 [warning] [Decorations] CAPPING events from decorations provider vscode.git 951
2024-09-16 15:07:55.809 [warning] [Decorations] CAPPING events from decorations provider vscode.git 951
2024-09-16 15:08:00.845 [warning] [Decorations] CAPPING events from decorations provider vscode.git 951
2024-09-16 15:08:05.877 [warning] [Decorations] CAPPING events from decorations provider vscode.git 951
2024-09-16 15:08:10.922 [warning] [Decorations] CAPPING events from decorations provider vscode.git 951
2024-09-16 15:08:15.969 [warning] [Decorations] CAPPING events from decorations provider vscode.git 951
2024-09-16 15:08:21.018 [warning] [Decorations] CAPPING events from decorations provider vscode.git 951
2024-09-16 15:08:26.053 [warning] [Decorations] CAPPING events from decorations provider vscode.git 951
2024-09-16 15:08:31.091 [warning] [Decorations] CAPPING events from decorations provider vscode.git 951
2024-09-16 15:08:36.132 [warning] [Decorations] CAPPING events from decorations provider vscode.git 951
2024-09-16 15:08:41.169 [warning] [Decorations] CAPPING events from decorations provider vscode.git 951
2024-09-16 15:08:46.205 [warning] [Decorations] CAPPING events from decorations provider vscode.git 951
2024-09-16 15:08:51.244 [warning] [Decorations] CAPPING events from decorations provider vscode.git 951
2024-09-16 15:08:56.280 [warning] [Decorations] CAPPING events from decorations provider vscode.git 951
2024-09-16 15:09:01.318 [warning] [Decorations] CAPPING events from decorations provider vscode.git 951
2024-09-16 15:09:06.352 [warning] [Decorations] CAPPING events from decorations provider vscode.git 951
2024-09-16 15:09:11.389 [warning] [Decorations] CAPPING events from decorations provider vscode.git 951
2024-09-16 15:09:16.430 [warning] [Decorations] CAPPING events from decorations provider vscode.git 951
2024-09-16 15:09:21.462 [warning] [Decorations] CAPPING events from decorations provider vscode.git 951
2024-09-16 15:09:26.498 [warning] [Decorations] CAPPING events from decorations provider vscode.git 951
2024-09-16 15:09:31.537 [warning] [Decorations] CAPPING events from decorations provider vscode.git 951
2024-09-16 15:09:36.576 [warning] [Decorations] CAPPING events from decorations provider vscode.git 951
2024-09-16 15:09:41.614 [warning] [Decorations] CAPPING events from decorations provider vscode.git 951
2024-09-16 15:09:46.654 [warning] [Decorations] CAPPING events from decorations provider vscode.git 951
2024-09-16 15:09:51.700 [warning] [Decorations] CAPPING events from decorations provider vscode.git 951
2024-09-16 15:09:56.735 [warning] [Decorations] CAPPING events from decorations provider vscode.git 951
2024-09-16 15:10:01.775 [warning] [Decorations] CAPPING events from decorations provider vscode.git 951
2024-09-16 16:28:47.165 [warning] [Decorations] CAPPING events from decorations provider vscode.git 951
2024-09-16 16:28:52.209 [warning] [Decorations] CAPPING events from decorations provider vscode.git 951
2024-09-16 16:28:59.155 [warning] [Decorations] CAPPING events from decorations provider vscode.git 974
2024-09-16 16:29:04.195 [warning] [Decorations] CAPPING events from decorations provider vscode.git 964
2024-09-16 16:29:46.911 [warning] [Decorations] CAPPING events from decorations provider vscode.git 964
2024-09-16 16:29:51.953 [warning] [Decorations] CAPPING events from decorations provider vscode.git 964
2024-09-16 16:29:56.994 [warning] [Decorations] CAPPING events from decorations provider vscode.git 966
2024-09-16 16:30:02.028 [warning] [Decorations] CAPPING events from decorations provider vscode.git 966
2024-09-16 16:30:07.111 [warning] [Decorations] CAPPING events from decorations provider vscode.git 996
2024-09-16 16:30:12.157 [warning] [Decorations] CAPPING events from decorations provider vscode.git 990
2024-09-16 16:31:07.781 [warning] [Decorations] CAPPING events from decorations provider vscode.git 991
2024-09-16 16:32:03.444 [warning] [Decorations] CAPPING events from decorations provider vscode.git 994
2024-09-16 16:32:08.487 [warning] [Decorations] CAPPING events from decorations provider vscode.git 994
2024-09-16 16:32:13.528 [warning] [Decorations] CAPPING events from decorations provider vscode.git 994
2024-09-16 16:32:18.573 [warning] [Decorations] CAPPING events from decorations provider vscode.git 995
2024-09-16 16:32:23.625 [warning] [Decorations] CAPPING events from decorations provider vscode.git 999
2024-09-16 16:32:43.768 [warning] [Decorations] CAPPING events from decorations provider vscode.git 1001
2024-09-16 16:32:48.793 [warning] [Decorations] CAPPING events from decorations provider vscode.git 1001
2024-09-16 16:33:03.592 [warning] [Decorations] CAPPING events from decorations provider vscode.git 1005
2024-09-16 16:33:08.636 [warning] [Decorations] CAPPING events from decorations provider vscode.git 1005
2024-09-16 16:33:13.678 [warning] [Decorations] CAPPING events from decorations provider vscode.git 1006
2024-09-16 16:33:25.080 [warning] [Decorations] CAPPING events from decorations provider vscode.git 1006
2024-09-16 16:33:30.116 [warning] [Decorations] CAPPING events from decorations provider vscode.git 1006
2024-09-16 16:33:37.490 [warning] [Decorations] CAPPING events from decorations provider vscode.git 1006
2024-09-16 16:33:48.525 [warning] [Decorations] CAPPING events from decorations provider vscode.git 1007
2024-09-16 16:33:53.571 [warning] [Decorations] CAPPING events from decorations provider vscode.git 1010
2024-09-16 16:33:59.027 [warning] [Decorations] CAPPING events from decorations provider vscode.git 1011
2024-09-16 16:34:04.071 [warning] [Decorations] CAPPING events from decorations provider vscode.git 1011
2024-09-16 16:34:45.246 [warning] [Decorations] CAPPING events from decorations provider vscode.git 1024
2024-09-19 17:20:40.637 [warning] [Decorations] CAPPING events from decorations provider vscode.git 1017
2024-09-20 16:59:23.038 [info] Extension host terminating: renderer closed the MessagePort
2024-09-20 16:59:23.073 [error] Canceled: Canceled
	at new D (/usr/share/code/resources/app/out/vs/workbench/api/node/extensionHostProcess.js:151:35235)
	at y.U (/usr/share/code/resources/app/out/vs/workbench/api/node/extensionHostProcess.js:158:6005)
	at V.<computed>.F.charCodeAt.A.CharCode.DollarSign.V.<computed> (/usr/share/code/resources/app/out/vs/workbench/api/node/extensionHostProcess.js:158:3107)
	at h.g (/usr/share/code/resources/app/out/vs/workbench/api/node/extensionHostProcess.js:161:210015)
	at h.executeCommand (/usr/share/code/resources/app/out/vs/workbench/api/node/extensionHostProcess.js:161:209453)
	at C.registerCommand.description (/usr/share/code/resources/app/out/vs/workbench/api/node/extensionHostProcess.js:161:208777)
	at h (/usr/share/code/resources/app/out/vs/workbench/api/node/extensionHostProcess.js:161:210554)
	at h.g (/usr/share/code/resources/app/out/vs/workbench/api/node/extensionHostProcess.js:161:209546)
	at h.executeCommand (/usr/share/code/resources/app/out/vs/workbench/api/node/extensionHostProcess.js:161:209453)
	at Object.executeCommand (/usr/share/code/resources/app/out/vs/workbench/api/node/extensionHostProcess.js:171:30683)
	at i.O [as value] (/usr/share/code/resources/app/extensions/git/dist/main.js:2:952009)
	at r.B (/usr/share/code/resources/app/out/vs/workbench/api/node/extensionHostProcess.js:90:732)
	at r.C (/usr/share/code/resources/app/out/vs/workbench/api/node/extensionHostProcess.js:90:802)
	at r.fire (/usr/share/code/resources/app/out/vs/workbench/api/node/extensionHostProcess.js:90:1018)
	at Object.p [as dispose] (/usr/share/code/resources/app/extensions/git/dist/main.js:2:972587)
	at /usr/share/code/resources/app/extensions/git/dist/main.js:2:978709
	at Array.forEach (<anonymous>)
	at f.dispose (/usr/share/code/resources/app/extensions/git/dist/main.js:2:978695)
	at o.<anonymous> (/usr/share/code/resources/app/out/vs/workbench/api/node/extensionHostProcess.js:159:4176)
	at o.dispose (/usr/share/code/resources/app/out/vs/workbench/api/node/extensionHostProcess.js:159:4273)
	at o.<anonymous> (/usr/share/code/resources/app/extensions/git/dist/main.js:2:954307)
	at o.dispose (/usr/share/code/resources/app/out/vs/workbench/api/node/extensionHostProcess.js:159:4273)
	at $ (/usr/share/code/resources/app/out/vs/workbench/api/node/extensionHostProcess.js:30:744)
	at /usr/share/code/resources/app/out/vs/workbench/api/node/extensionHostProcess.js:167:13607
	at /usr/share/code/resources/app/out/vs/workbench/api/node/extensionHostProcess.js:30:1112
	at Object.dispose (/usr/share/code/resources/app/out/vs/workbench/api/node/extensionHostProcess.js:11:11463)
	at m.eb (/usr/share/code/resources/app/out/vs/workbench/api/node/extensionHostProcess.js:167:10282)
	at /usr/share/code/resources/app/out/vs/workbench/api/node/extensionHostProcess.js:167:8153
	at Array.map (<anonymous>)
	at m.$ (/usr/share/code/resources/app/out/vs/workbench/api/node/extensionHostProcess.js:167:8140)
	at m.terminate (/usr/share/code/resources/app/out/vs/workbench/api/node/extensionHostProcess.js:167:8413)
	at $.terminate (/usr/share/code/resources/app/out/vs/workbench/api/node/extensionHostProcess.js:171:1513)
	at n (/usr/share/code/resources/app/out/vs/workbench/api/node/extensionHostProcess.js:184:10613)
	at MessagePortMain.<anonymous> (/usr/share/code/resources/app/out/vs/workbench/api/node/extensionHostProcess.js:184:6805)
	at MessagePortMain.emit (node:events:519:28)
	at MessagePortMain._internalPort.emit (node:electron/js2c/utility_init:2:2619) setContext undefined
2024-09-20 16:59:23.074 [error] Canceled: Canceled
	at new D (/usr/share/code/resources/app/out/vs/workbench/api/node/extensionHostProcess.js:151:35235)
	at y.U (/usr/share/code/resources/app/out/vs/workbench/api/node/extensionHostProcess.js:158:6005)
	at V.<computed>.F.charCodeAt.A.CharCode.DollarSign.V.<computed> (/usr/share/code/resources/app/out/vs/workbench/api/node/extensionHostProcess.js:158:3107)
	at h.g (/usr/share/code/resources/app/out/vs/workbench/api/node/extensionHostProcess.js:161:210015)
	at h.executeCommand (/usr/share/code/resources/app/out/vs/workbench/api/node/extensionHostProcess.js:161:209453)
	at C.registerCommand.description (/usr/share/code/resources/app/out/vs/workbench/api/node/extensionHostProcess.js:161:208777)
	at h (/usr/share/code/resources/app/out/vs/workbench/api/node/extensionHostProcess.js:161:210554)
	at h.g (/usr/share/code/resources/app/out/vs/workbench/api/node/extensionHostProcess.js:161:209546)
	at h.executeCommand (/usr/share/code/resources/app/out/vs/workbench/api/node/extensionHostProcess.js:161:209453)
	at Object.executeCommand (/usr/share/code/resources/app/out/vs/workbench/api/node/extensionHostProcess.js:171:30683)
	at set hasGitHubRepositories (/usr/share/code/resources/app/extensions/github/dist/extension.js:2:322969)
	at /usr/share/code/resources/app/extensions/github/dist/extension.js:2:323928
	at i.value (/usr/share/code/resources/app/extensions/git/dist/main.js:2:1060944)
	at r.B (/usr/share/code/resources/app/out/vs/workbench/api/node/extensionHostProcess.js:90:732)
	at r.C (/usr/share/code/resources/app/out/vs/workbench/api/node/extensionHostProcess.js:90:802)
	at r.fire (/usr/share/code/resources/app/out/vs/workbench/api/node/extensionHostProcess.js:90:1018)
	at Object.p [as dispose] (/usr/share/code/resources/app/extensions/git/dist/main.js:2:972587)
	at /usr/share/code/resources/app/extensions/git/dist/main.js:2:978709
	at Array.forEach (<anonymous>)
	at f.dispose (/usr/share/code/resources/app/extensions/git/dist/main.js:2:978695)
	at o.<anonymous> (/usr/share/code/resources/app/out/vs/workbench/api/node/extensionHostProcess.js:159:4176)
	at o.dispose (/usr/share/code/resources/app/out/vs/workbench/api/node/extensionHostProcess.js:159:4273)
	at o.<anonymous> (/usr/share/code/resources/app/extensions/git/dist/main.js:2:954307)
	at o.dispose (/usr/share/code/resources/app/out/vs/workbench/api/node/extensionHostProcess.js:159:4273)
	at $ (/usr/share/code/resources/app/out/vs/workbench/api/node/extensionHostProcess.js:30:744)
	at /usr/share/code/resources/app/out/vs/workbench/api/node/extensionHostProcess.js:167:13607
	at /usr/share/code/resources/app/out/vs/workbench/api/node/extensionHostProcess.js:30:1112
	at Object.dispose (/usr/share/code/resources/app/out/vs/workbench/api/node/extensionHostProcess.js:11:11463)
	at m.eb (/usr/share/code/resources/app/out/vs/workbench/api/node/extensionHostProcess.js:167:10282)
	at /usr/share/code/resources/app/out/vs/workbench/api/node/extensionHostProcess.js:167:8153
	at Array.map (<anonymous>)
	at m.$ (/usr/share/code/resources/app/out/vs/workbench/api/node/extensionHostProcess.js:167:8140)
	at m.terminate (/usr/share/code/resources/app/out/vs/workbench/api/node/extensionHostProcess.js:167:8413)
	at $.terminate (/usr/share/code/resources/app/out/vs/workbench/api/node/extensionHostProcess.js:171:1513)
	at n (/usr/share/code/resources/app/out/vs/workbench/api/node/extensionHostProcess.js:184:10613)
	at MessagePortMain.<anonymous> (/usr/share/code/resources/app/out/vs/workbench/api/node/extensionHostProcess.js:184:6805)
	at MessagePortMain.emit (node:events:519:28)
	at MessagePortMain._internalPort.emit (node:electron/js2c/utility_init:2:2619) setContext undefined
2024-09-20 16:59:23.077 [info] Extension host with pid 19263 exiting with code 0
