2024-09-23 10:24:51.180 [info] Extension host with pid 35684 started
2024-09-23 10:24:51.180 [info] Skipping acquiring lock for /home/local/JEMS/jmanandraibe/Bureau/Jopret/React/lasako/nextjs-dashboard/~/.vscode-root/User/workspaceStorage/c2db4b80bf02aa53e02111a668d53432.
2024-09-23 10:24:51.339 [info] ExtensionService#_doActivateExtension vscode.emmet, startup: false, activationEvent: 'onLanguage'
2024-09-23 10:24:51.346 [info] ExtensionService#_doActivateExtension vscode.typescript-language-features, startup: false, activationEvent: 'onLanguage:typescriptreact'
2024-09-23 10:24:51.785 [info] ExtensionService#_doActivateExtension vscode.git-base, startup: true, activationEvent: '*', root cause: vscode.git
2024-09-23 10:24:51.793 [info] ExtensionService#_doActivateExtension vscode.npm, startup: true, activationEvent: 'workspaceContains:package.json'
2024-09-23 10:24:51.928 [info] ExtensionService#_doActivateExtension vscode.git, startup: true, activationEvent: '*'
2024-09-23 10:24:51.960 [info] ExtensionService#_doActivateExtension vscode.github, startup: true, activationEvent: '*'
2024-09-23 10:24:52.093 [info] Eager extensions activated
2024-09-23 10:24:52.199 [info] ExtensionService#_doActivateExtension vscode.debug-auto-launch, startup: false, activationEvent: 'onStartupFinished'
2024-09-23 10:24:52.206 [info] ExtensionService#_doActivateExtension vscode.merge-conflict, startup: false, activationEvent: 'onStartupFinished'
2024-09-23 10:24:52.353 [warning] [Decorations] CAPPING events from decorations provider vscode.git 1084
2024-09-23 10:24:52.600 [warning] [Decorations] CAPPING events from decorations provider vscode.git 1085
2024-09-23 10:24:52.607 [info] ExtensionService#_doActivateExtension vscode.github-authentication, startup: false, activationEvent: 'onAuthenticationRequest:github'
2024-09-23 10:24:54.560 [warning] [Decorations] CAPPING events from decorations provider vscode.git 1088
2024-09-23 10:24:56.958 [info] ExtensionService#_doActivateExtension vscode.configuration-editing, startup: false, activationEvent: 'onLanguage:json'
2024-09-23 10:24:56.966 [info] ExtensionService#_doActivateExtension vscode.extension-editing, startup: false, activationEvent: 'onLanguage:json'
2024-09-23 10:24:56.973 [info] ExtensionService#_doActivateExtension vscode.json-language-features, startup: false, activationEvent: 'onLanguage:json'
2024-09-23 10:24:59.598 [warning] [Decorations] CAPPING events from decorations provider vscode.git 1089
2024-09-23 10:25:04.642 [warning] [Decorations] CAPPING events from decorations provider vscode.git 1090
2024-09-23 10:25:09.691 [warning] [Decorations] CAPPING events from decorations provider vscode.git 1090
2024-09-23 10:25:14.741 [warning] [Decorations] CAPPING events from decorations provider vscode.git 1090
2024-09-23 10:25:19.780 [warning] [Decorations] CAPPING events from decorations provider vscode.git 1090
2024-09-23 10:25:24.824 [warning] [Decorations] CAPPING events from decorations provider vscode.git 1090
2024-09-23 10:25:29.868 [warning] [Decorations] CAPPING events from decorations provider vscode.git 1090
2024-09-23 10:25:34.922 [warning] [Decorations] CAPPING events from decorations provider vscode.git 1090
2024-09-23 10:25:39.973 [warning] [Decorations] CAPPING events from decorations provider vscode.git 1090
2024-09-23 10:25:45.015 [warning] [Decorations] CAPPING events from decorations provider vscode.git 1090
2024-09-23 10:25:50.068 [warning] [Decorations] CAPPING events from decorations provider vscode.git 1090
2024-09-23 10:25:55.114 [warning] [Decorations] CAPPING events from decorations provider vscode.git 1090
2024-09-23 10:26:00.165 [warning] [Decorations] CAPPING events from decorations provider vscode.git 1090
2024-09-23 10:26:05.215 [warning] [Decorations] CAPPING events from decorations provider vscode.git 1090
2024-09-23 10:26:10.253 [warning] [Decorations] CAPPING events from decorations provider vscode.git 1090
2024-09-23 10:26:15.297 [warning] [Decorations] CAPPING events from decorations provider vscode.git 1090
2024-09-23 10:36:38.702 [warning] [Decorations] CAPPING events from decorations provider vscode.git 1090
2024-09-23 10:36:43.738 [warning] [Decorations] CAPPING events from decorations provider vscode.git 1090
2024-09-23 10:36:55.649 [warning] [Decorations] CAPPING events from decorations provider vscode.git 1090
2024-09-23 10:37:00.683 [warning] [Decorations] CAPPING events from decorations provider vscode.git 938
2024-09-23 10:37:05.724 [warning] [Decorations] CAPPING events from decorations provider vscode.git 938
2024-09-23 10:41:30.954 [warning] [Decorations] CAPPING events from decorations provider vscode.git 940
2024-09-23 10:41:36.002 [warning] [Decorations] CAPPING events from decorations provider vscode.git 940
2024-09-23 10:41:41.046 [warning] [Decorations] CAPPING events from decorations provider vscode.git 940
2024-09-23 10:41:53.372 [warning] [Decorations] CAPPING events from decorations provider vscode.git 940
2024-09-23 10:41:58.415 [warning] [Decorations] CAPPING events from decorations provider vscode.git 941
2024-09-23 10:42:09.662 [warning] [Decorations] CAPPING events from decorations provider vscode.git 942
2024-09-23 10:42:14.703 [warning] [Decorations] CAPPING events from decorations provider vscode.git 944
2024-09-23 10:42:51.320 [warning] [Decorations] CAPPING events from decorations provider vscode.git 943
2024-09-23 10:42:58.861 [warning] [Decorations] CAPPING events from decorations provider vscode.git 943
2024-09-23 10:43:03.903 [warning] [Decorations] CAPPING events from decorations provider vscode.git 943
2024-09-23 10:43:08.935 [warning] [Decorations] CAPPING events from decorations provider vscode.git 944
2024-09-23 10:43:13.972 [warning] [Decorations] CAPPING events from decorations provider vscode.git 944
2024-09-23 10:43:19.013 [warning] [Decorations] CAPPING events from decorations provider vscode.git 944
2024-09-23 10:44:04.509 [warning] [Decorations] CAPPING events from decorations provider vscode.git 944
2024-09-23 10:44:09.553 [warning] [Decorations] CAPPING events from decorations provider vscode.git 944
2024-09-23 10:44:27.170 [warning] [Decorations] CAPPING events from decorations provider vscode.git 944
2024-09-23 10:44:32.214 [warning] [Decorations] CAPPING events from decorations provider vscode.git 944
2024-09-23 10:45:18.363 [warning] [Decorations] CAPPING events from decorations provider vscode.git 944
2024-09-23 10:45:23.402 [warning] [Decorations] CAPPING events from decorations provider vscode.git 944
2024-09-23 10:45:28.446 [warning] [Decorations] CAPPING events from decorations provider vscode.git 944
2024-09-23 10:50:00.344 [warning] [Decorations] CAPPING events from decorations provider vscode.git 945
2024-09-23 10:50:05.384 [warning] [Decorations] CAPPING events from decorations provider vscode.git 945
2024-09-23 10:50:10.418 [warning] [Decorations] CAPPING events from decorations provider vscode.git 945
2024-09-23 10:50:15.463 [warning] [Decorations] CAPPING events from decorations provider vscode.git 945
2024-09-23 10:50:34.930 [warning] [Decorations] CAPPING events from decorations provider vscode.git 946
2024-09-23 10:50:39.975 [warning] [Decorations] CAPPING events from decorations provider vscode.git 946
2024-09-23 10:53:04.482 [warning] [Decorations] CAPPING events from decorations provider vscode.git 947
2024-09-23 10:53:09.520 [warning] [Decorations] CAPPING events from decorations provider vscode.git 946
2024-09-23 10:53:14.554 [warning] [Decorations] CAPPING events from decorations provider vscode.git 946
2024-09-23 10:53:19.592 [warning] [Decorations] CAPPING events from decorations provider vscode.git 946
2024-09-23 10:53:24.626 [warning] [Decorations] CAPPING events from decorations provider vscode.git 947
2024-09-23 10:53:29.657 [warning] [Decorations] CAPPING events from decorations provider vscode.git 947
2024-09-23 10:53:34.703 [warning] [Decorations] CAPPING events from decorations provider vscode.git 947
2024-09-23 10:53:39.746 [warning] [Decorations] CAPPING events from decorations provider vscode.git 947
2024-09-23 10:53:44.797 [warning] [Decorations] CAPPING events from decorations provider vscode.git 947
2024-09-23 10:53:49.856 [warning] [Decorations] CAPPING events from decorations provider vscode.git 947
2024-09-23 10:53:54.895 [warning] [Decorations] CAPPING events from decorations provider vscode.git 947
2024-09-23 10:53:59.938 [warning] [Decorations] CAPPING events from decorations provider vscode.git 947
2024-09-23 10:54:04.982 [warning] [Decorations] CAPPING events from decorations provider vscode.git 947
2024-09-23 10:54:10.020 [warning] [Decorations] CAPPING events from decorations provider vscode.git 947
2024-09-23 10:54:15.061 [warning] [Decorations] CAPPING events from decorations provider vscode.git 947
2024-09-23 10:54:20.096 [warning] [Decorations] CAPPING events from decorations provider vscode.git 947
2024-09-23 10:54:25.139 [warning] [Decorations] CAPPING events from decorations provider vscode.git 947
2024-09-23 10:54:30.184 [warning] [Decorations] CAPPING events from decorations provider vscode.git 947
2024-09-23 10:54:35.229 [warning] [Decorations] CAPPING events from decorations provider vscode.git 947
2024-09-23 10:54:40.277 [warning] [Decorations] CAPPING events from decorations provider vscode.git 947
2024-09-23 10:54:45.319 [warning] [Decorations] CAPPING events from decorations provider vscode.git 947
2024-09-23 10:54:50.364 [warning] [Decorations] CAPPING events from decorations provider vscode.git 947
2024-09-23 10:54:55.412 [warning] [Decorations] CAPPING events from decorations provider vscode.git 947
2024-09-23 10:55:00.462 [warning] [Decorations] CAPPING events from decorations provider vscode.git 947
2024-09-23 10:55:05.505 [warning] [Decorations] CAPPING events from decorations provider vscode.git 947
2024-09-23 10:55:10.557 [warning] [Decorations] CAPPING events from decorations provider vscode.git 947
2024-09-23 10:55:15.603 [warning] [Decorations] CAPPING events from decorations provider vscode.git 947
2024-09-23 10:55:20.648 [warning] [Decorations] CAPPING events from decorations provider vscode.git 947
2024-09-23 10:55:25.686 [warning] [Decorations] CAPPING events from decorations provider vscode.git 947
2024-09-23 10:55:30.724 [warning] [Decorations] CAPPING events from decorations provider vscode.git 947
2024-09-23 10:55:35.769 [warning] [Decorations] CAPPING events from decorations provider vscode.git 947
2024-09-23 10:55:40.802 [warning] [Decorations] CAPPING events from decorations provider vscode.git 947
2024-09-23 10:55:45.836 [warning] [Decorations] CAPPING events from decorations provider vscode.git 947
2024-09-23 10:55:50.867 [warning] [Decorations] CAPPING events from decorations provider vscode.git 947
2024-09-23 10:55:55.899 [warning] [Decorations] CAPPING events from decorations provider vscode.git 947
2024-09-23 10:56:00.932 [warning] [Decorations] CAPPING events from decorations provider vscode.git 947
2024-09-23 10:56:05.985 [warning] [Decorations] CAPPING events from decorations provider vscode.git 947
2024-09-23 10:56:11.037 [warning] [Decorations] CAPPING events from decorations provider vscode.git 947
2024-09-23 10:56:16.083 [warning] [Decorations] CAPPING events from decorations provider vscode.git 947
2024-09-23 10:56:21.137 [warning] [Decorations] CAPPING events from decorations provider vscode.git 947
2024-09-23 10:56:26.188 [warning] [Decorations] CAPPING events from decorations provider vscode.git 947
2024-09-23 10:56:31.231 [warning] [Decorations] CAPPING events from decorations provider vscode.git 947
2024-09-23 10:56:36.271 [warning] [Decorations] CAPPING events from decorations provider vscode.git 947
2024-09-23 10:56:41.312 [warning] [Decorations] CAPPING events from decorations provider vscode.git 947
2024-09-23 10:56:46.354 [warning] [Decorations] CAPPING events from decorations provider vscode.git 947
2024-09-23 10:56:51.393 [warning] [Decorations] CAPPING events from decorations provider vscode.git 947
2024-09-23 10:56:56.428 [warning] [Decorations] CAPPING events from decorations provider vscode.git 947
2024-09-23 10:58:14.108 [warning] [Decorations] CAPPING events from decorations provider vscode.git 947
2024-09-23 10:58:19.147 [warning] [Decorations] CAPPING events from decorations provider vscode.git 947
2024-09-23 10:58:24.194 [warning] [Decorations] CAPPING events from decorations provider vscode.git 947
2024-09-23 10:58:29.242 [warning] [Decorations] CAPPING events from decorations provider vscode.git 947
2024-09-23 10:58:34.291 [warning] [Decorations] CAPPING events from decorations provider vscode.git 947
2024-09-23 10:58:39.329 [warning] [Decorations] CAPPING events from decorations provider vscode.git 948
2024-09-23 10:58:44.383 [warning] [Decorations] CAPPING events from decorations provider vscode.git 948
2024-09-23 10:58:49.428 [warning] [Decorations] CAPPING events from decorations provider vscode.git 948
2024-09-23 10:58:54.476 [warning] [Decorations] CAPPING events from decorations provider vscode.git 948
2024-09-23 10:58:59.522 [warning] [Decorations] CAPPING events from decorations provider vscode.git 948
2024-09-23 10:59:04.570 [warning] [Decorations] CAPPING events from decorations provider vscode.git 948
2024-09-23 10:59:09.609 [warning] [Decorations] CAPPING events from decorations provider vscode.git 948
2024-09-23 10:59:14.646 [warning] [Decorations] CAPPING events from decorations provider vscode.git 948
2024-09-23 10:59:19.681 [warning] [Decorations] CAPPING events from decorations provider vscode.git 948
2024-09-23 10:59:30.084 [warning] [Decorations] CAPPING events from decorations provider vscode.git 948
2024-09-23 10:59:35.130 [warning] [Decorations] CAPPING events from decorations provider vscode.git 948
2024-09-23 11:06:19.994 [warning] [Decorations] CAPPING events from decorations provider vscode.git 948
2024-09-23 11:07:50.870 [warning] [Decorations] CAPPING events from decorations provider vscode.git 1006
2024-09-23 11:07:55.926 [warning] [Decorations] CAPPING events from decorations provider vscode.git 1000
2024-09-23 11:08:00.991 [warning] [Decorations] CAPPING events from decorations provider vscode.git 1000
2024-09-23 11:08:06.035 [warning] [Decorations] CAPPING events from decorations provider vscode.git 1000
2024-09-23 11:08:11.082 [warning] [Decorations] CAPPING events from decorations provider vscode.git 1001
2024-09-23 11:11:06.048 [warning] [Decorations] CAPPING events from decorations provider vscode.git 1012
2024-09-23 11:11:11.094 [warning] [Decorations] CAPPING events from decorations provider vscode.git 1005
2024-09-23 11:11:16.134 [warning] [Decorations] CAPPING events from decorations provider vscode.git 1005
2024-09-23 11:13:16.083 [warning] [Decorations] CAPPING events from decorations provider vscode.git 1025
2024-09-23 11:24:28.645 [warning] [Decorations] CAPPING events from decorations provider vscode.git 1019
2024-09-23 11:24:33.680 [warning] [Decorations] CAPPING events from decorations provider vscode.git 1019
2024-09-23 11:24:38.723 [warning] [Decorations] CAPPING events from decorations provider vscode.git 1020
2024-09-23 11:24:43.765 [warning] [Decorations] CAPPING events from decorations provider vscode.git 1020
2024-09-23 11:24:53.475 [warning] [Decorations] CAPPING events from decorations provider vscode.git 1020
2024-09-23 11:24:58.519 [warning] [Decorations] CAPPING events from decorations provider vscode.git 1020
2024-09-23 11:25:06.658 [warning] [Decorations] CAPPING events from decorations provider vscode.git 1020
2024-09-23 11:25:11.724 [warning] [Decorations] CAPPING events from decorations provider vscode.git 1020
2024-09-23 11:25:16.775 [warning] [Decorations] CAPPING events from decorations provider vscode.git 1020
2024-09-23 11:25:42.228 [warning] [Decorations] CAPPING events from decorations provider vscode.git 1020
2024-09-23 11:25:47.276 [warning] [Decorations] CAPPING events from decorations provider vscode.git 1020
2024-09-23 11:25:52.320 [warning] [Decorations] CAPPING events from decorations provider vscode.git 1025
2024-09-23 11:25:57.369 [warning] [Decorations] CAPPING events from decorations provider vscode.git 1024
2024-09-23 11:26:06.363 [warning] [Decorations] CAPPING events from decorations provider vscode.git 1024
2024-09-23 11:26:11.407 [warning] [Decorations] CAPPING events from decorations provider vscode.git 1024
2024-09-23 11:26:16.457 [warning] [Decorations] CAPPING events from decorations provider vscode.git 1024
2024-09-23 11:26:21.609 [warning] [Decorations] CAPPING events from decorations provider vscode.git 1024
2024-09-23 11:26:26.655 [warning] [Decorations] CAPPING events from decorations provider vscode.git 1024
2024-09-23 11:26:31.705 [warning] [Decorations] CAPPING events from decorations provider vscode.git 1024
2024-09-23 11:26:36.754 [warning] [Decorations] CAPPING events from decorations provider vscode.git 1024
2024-09-23 11:26:41.788 [warning] [Decorations] CAPPING events from decorations provider vscode.git 1024
2024-09-23 11:26:46.842 [warning] [Decorations] CAPPING events from decorations provider vscode.git 1024
2024-09-23 11:27:05.673 [warning] [Decorations] CAPPING events from decorations provider vscode.git 1024
2024-09-23 11:27:10.723 [warning] [Decorations] CAPPING events from decorations provider vscode.git 1024
2024-09-23 11:27:15.752 [warning] [Decorations] CAPPING events from decorations provider vscode.git 1025
2024-09-23 11:27:25.294 [warning] [Decorations] CAPPING events from decorations provider vscode.git 1025
2024-09-23 11:27:30.341 [warning] [Decorations] CAPPING events from decorations provider vscode.git 1025
2024-09-23 11:27:35.390 [warning] [Decorations] CAPPING events from decorations provider vscode.git 1025
2024-09-23 11:27:50.330 [warning] [Decorations] CAPPING events from decorations provider vscode.git 1025
2024-09-23 11:27:55.377 [warning] [Decorations] CAPPING events from decorations provider vscode.git 1025
2024-09-23 11:28:00.418 [warning] [Decorations] CAPPING events from decorations provider vscode.git 1025
2024-09-23 11:28:05.466 [warning] [Decorations] CAPPING events from decorations provider vscode.git 1025
2024-09-23 11:28:10.513 [warning] [Decorations] CAPPING events from decorations provider vscode.git 1025
2024-09-23 11:28:15.563 [warning] [Decorations] CAPPING events from decorations provider vscode.git 1025
2024-09-23 11:29:02.789 [warning] [Decorations] CAPPING events from decorations provider vscode.git 1025
2024-09-23 11:29:07.835 [warning] [Decorations] CAPPING events from decorations provider vscode.git 1025
2024-09-23 11:29:30.920 [warning] [Decorations] CAPPING events from decorations provider vscode.git 1026
2024-09-23 11:29:35.969 [warning] [Decorations] CAPPING events from decorations provider vscode.git 1026
2024-09-23 11:29:49.245 [warning] [Decorations] CAPPING events from decorations provider vscode.git 1037
2024-09-23 11:29:54.290 [warning] [Decorations] CAPPING events from decorations provider vscode.git 1035
2024-09-23 11:29:59.326 [warning] [Decorations] CAPPING events from decorations provider vscode.git 1035
2024-09-23 11:30:04.360 [warning] [Decorations] CAPPING events from decorations provider vscode.git 1036
2024-09-23 11:30:09.409 [warning] [Decorations] CAPPING events from decorations provider vscode.git 1036
2024-09-23 11:30:26.047 [warning] [Decorations] CAPPING events from decorations provider vscode.git 1036
2024-09-23 11:30:31.090 [warning] [Decorations] CAPPING events from decorations provider vscode.git 1036
2024-09-23 11:30:36.145 [warning] [Decorations] CAPPING events from decorations provider vscode.git 1036
2024-09-23 11:31:09.624 [warning] [Decorations] CAPPING events from decorations provider vscode.git 1037
2024-09-23 11:31:14.675 [warning] [Decorations] CAPPING events from decorations provider vscode.git 1037
2024-09-23 11:31:19.718 [warning] [Decorations] CAPPING events from decorations provider vscode.git 1037
2024-09-23 11:31:24.768 [warning] [Decorations] CAPPING events from decorations provider vscode.git 1037
2024-09-23 11:31:29.811 [warning] [Decorations] CAPPING events from decorations provider vscode.git 1037
2024-09-23 11:31:34.856 [warning] [Decorations] CAPPING events from decorations provider vscode.git 1037
2024-09-23 11:31:39.900 [warning] [Decorations] CAPPING events from decorations provider vscode.git 1038
2024-09-23 11:31:44.943 [warning] [Decorations] CAPPING events from decorations provider vscode.git 1038
2024-09-23 11:31:49.992 [warning] [Decorations] CAPPING events from decorations provider vscode.git 1041
2024-09-23 11:31:55.066 [warning] [Decorations] CAPPING events from decorations provider vscode.git 1041
2024-09-23 11:32:09.359 [warning] [Decorations] CAPPING events from decorations provider vscode.git 1041
2024-09-23 11:32:14.402 [warning] [Decorations] CAPPING events from decorations provider vscode.git 1041
2024-09-23 11:32:19.451 [warning] [Decorations] CAPPING events from decorations provider vscode.git 1041
2024-09-23 11:32:48.277 [warning] [Decorations] CAPPING events from decorations provider vscode.git 1041
2024-09-23 11:32:53.318 [warning] [Decorations] CAPPING events from decorations provider vscode.git 1041
2024-09-23 11:32:58.361 [warning] [Decorations] CAPPING events from decorations provider vscode.git 1041
2024-09-23 11:33:03.405 [warning] [Decorations] CAPPING events from decorations provider vscode.git 1041
2024-09-23 11:33:08.463 [warning] [Decorations] CAPPING events from decorations provider vscode.git 1041
2024-09-23 11:33:13.500 [warning] [Decorations] CAPPING events from decorations provider vscode.git 1041
2024-09-23 11:33:18.538 [warning] [Decorations] CAPPING events from decorations provider vscode.git 1041
2024-09-23 11:33:23.594 [warning] [Decorations] CAPPING events from decorations provider vscode.git 1041
2024-09-23 11:33:28.637 [warning] [Decorations] CAPPING events from decorations provider vscode.git 1041
2024-09-23 11:35:42.205 [warning] [Decorations] CAPPING events from decorations provider vscode.git 1052
2024-09-23 11:35:47.252 [warning] [Decorations] CAPPING events from decorations provider vscode.git 1045
2024-09-23 11:35:52.302 [warning] [Decorations] CAPPING events from decorations provider vscode.git 1046
2024-09-23 11:35:57.355 [warning] [Decorations] CAPPING events from decorations provider vscode.git 1046
2024-09-23 11:36:02.399 [warning] [Decorations] CAPPING events from decorations provider vscode.git 1045
2024-09-23 11:36:07.449 [warning] [Decorations] CAPPING events from decorations provider vscode.git 1045
2024-09-23 11:36:12.493 [warning] [Decorations] CAPPING events from decorations provider vscode.git 1045
2024-09-23 11:36:17.530 [warning] [Decorations] CAPPING events from decorations provider vscode.git 1045
